2025-06-28 11:53:19,896 [INFO] Activator:176 - 


2025-06-28 11:53:19,912 [INFO] Activator:177 - !SESSION log4j initialized
2025-06-28 11:53:26,692 [INFO] LogOutputStream:77 - [STDOUT_REDIRECT] 
2025-06-28 11:53:39,088 [INFO] ApplicationProperties:184 - Using Application install path: C:\ST\STM32CubeIDE_1.18.1\STM32CubeIDE\plugins\com.st.stm32cube.common.mx_6.14.1.202504091515
2025-06-28 11:53:39,120 [INFO] DbMcusXml:78 - Set database path to: C:\ST\STM32CubeIDE_1.18.1\STM32CubeIDE\plugins\com.st.stm32cube.common.mx_6.14.1.202504091515\\db\/mcu/
2025-06-28 11:53:39,120 [INFO] ApiDb:274 - Set plugin database path to: C:\ST\STM32CubeIDE_1.18.1\STM32CubeIDE\plugins\com.st.stm32cube.common.mx_6.14.1.202504091515\\db\/plugins/boardmanager/
2025-06-28 11:53:39,121 [WARN] ApiDb:259 - Overriding images path with different value:  => C:\ST\STM32CubeIDE_1.18.1\STM32CubeIDE\plugins\com.st.stm32cube.common.mx_6.14.1.202504091515\\db\/plugins/mcufinder/images/
2025-06-28 11:53:42,213 [WARN] ApiFinderProperties:113 - C:\Users\Cardinal\.stmcufinder\plugins\mcufinder\mcu\mcuFinder.mfd doesn't exist
2025-06-28 11:53:42,214 [INFO] ApiDb:250 - Set database path to: C:\Users\Cardinal\.stmcufinder\plugins\mcufinder//mcu/
2025-06-28 11:53:42,216 [INFO] DbMcusAds:125 - Set database path to: C:\Users\Cardinal\.stmcufinder\plugins\mcufinder//mcu/
2025-06-28 11:53:42,260 [INFO] CrossReferenceDbSqlite:203 - Set database path to: C:\Users\Cardinal\.stmcufinder\plugins\mcufinder//mcu/cs/
2025-06-28 11:53:42,551 [INFO] RulesReader:64 - Compatibility file has been processed (302 Rules)
2025-06-28 11:53:42,710 [INFO] DbMcusXml:78 - Set database path to: C:\ST\STM32CubeIDE_1.18.1\STM32CubeIDE\plugins\com.st.stm32cube.common.mx_6.14.1.202504091515\\db\/mcu/
2025-06-28 11:53:42,710 [INFO] ApiDb:274 - Set plugin database path to: C:\ST\STM32CubeIDE_1.18.1\STM32CubeIDE\plugins\com.st.stm32cube.common.mx_6.14.1.202504091515\\db\/plugins/boardmanager/
2025-06-28 11:53:42,711 [INFO] ApiDb:261 - Set plugin images path to: C:\ST\STM32CubeIDE_1.18.1\STM32CubeIDE\plugins\com.st.stm32cube.common.mx_6.14.1.202504091515\\db\/plugins/mcufinder/images/
2025-06-28 11:53:42,711 [WARN] DbFile:41 - Overriding database path with different value: C:\Users\Cardinal\.stmcufinder\plugins\mcufinder/ => C:\Users\Cardinal\.stmcufinder\plugins\mcufinder
2025-06-28 11:53:42,711 [INFO] ApiDb:250 - Set database path to: C:\Users\Cardinal\.stmcufinder\plugins\mcufinder//mcu/
2025-06-28 11:53:42,711 [WARN] DbFile:41 - Overriding database path with different value: C:\Users\Cardinal\.stmcufinder\plugins\mcufinder/ => C:\Users\Cardinal\.stmcufinder\plugins\mcufinder
2025-06-28 11:53:42,711 [INFO] DbMcusAds:125 - Set database path to: C:\Users\Cardinal\.stmcufinder\plugins\mcufinder//mcu/
2025-06-28 11:53:42,712 [WARN] DbFile:41 - Overriding database path with different value: C:\Users\Cardinal\.stmcufinder\plugins\mcufinder/ => C:\Users\Cardinal\.stmcufinder\plugins\mcufinder
2025-06-28 11:53:42,712 [WARN] DbFile:41 - Overriding database path with different value: C:\Users\Cardinal\.stmcufinder\plugins\mcufinder/ => C:\Users\Cardinal\.stmcufinder\plugins\mcufinder
2025-06-28 11:53:42,712 [INFO] CrossReferenceDbSqlite:203 - Set database path to: C:\Users\Cardinal\.stmcufinder\plugins\mcufinder//mcu/cs/
2025-06-28 11:53:42,849 [INFO] MainPanel:272 - HeapMemory: 268435456
2025-06-28 11:53:43,059 [INFO] DbMcusXml:78 - Set database path to: C:\ST\STM32CubeIDE_1.18.1\STM32CubeIDE\plugins\com.st.stm32cube.common.mx_6.14.1.202504091515\\db\/mcu/
2025-06-28 11:53:43,059 [INFO] ApiDb:274 - Set plugin database path to: C:\ST\STM32CubeIDE_1.18.1\STM32CubeIDE\plugins\com.st.stm32cube.common.mx_6.14.1.202504091515\\db\/plugins/boardmanager/
2025-06-28 11:53:43,060 [INFO] ApiDb:261 - Set plugin images path to: C:\ST\STM32CubeIDE_1.18.1\STM32CubeIDE\plugins\com.st.stm32cube.common.mx_6.14.1.202504091515\\db\/plugins/mcufinder/images/
2025-06-28 11:53:43,060 [WARN] DbFile:41 - Overriding database path with different value: C:\Users\Cardinal\.stmcufinder\plugins\mcufinder/ => C:\Users\Cardinal\.stmcufinder\plugins\mcufinder
2025-06-28 11:53:43,061 [INFO] ApiDb:250 - Set database path to: C:\Users\Cardinal\.stmcufinder\plugins\mcufinder//mcu/
2025-06-28 11:53:43,061 [WARN] DbFile:41 - Overriding database path with different value: C:\Users\Cardinal\.stmcufinder\plugins\mcufinder/ => C:\Users\Cardinal\.stmcufinder\plugins\mcufinder
2025-06-28 11:53:43,061 [INFO] DbMcusAds:125 - Set database path to: C:\Users\Cardinal\.stmcufinder\plugins\mcufinder//mcu/
2025-06-28 11:53:43,061 [WARN] DbFile:41 - Overriding database path with different value: C:\Users\Cardinal\.stmcufinder\plugins\mcufinder/ => C:\Users\Cardinal\.stmcufinder\plugins\mcufinder
2025-06-28 11:53:43,061 [WARN] DbFile:41 - Overriding database path with different value: C:\Users\Cardinal\.stmcufinder\plugins\mcufinder/ => C:\Users\Cardinal\.stmcufinder\plugins\mcufinder
2025-06-28 11:53:43,062 [INFO] CrossReferenceDbSqlite:203 - Set database path to: C:\Users\Cardinal\.stmcufinder\plugins\mcufinder//mcu/cs/
2025-06-28 11:53:43,106 [INFO] ApplicationProperties:184 - Using Application install path: C:\ST\STM32CubeIDE_1.18.1\STM32CubeIDE\plugins\com.st.stm32cube.common.mx_6.14.1.202504091515
2025-06-28 11:53:43,108 [INFO] PluginManage:196 - Search for loadable plugins [exclusion list=, ]
2025-06-28 11:53:43,109 [INFO] PluginManage:310 - Check plugin analytics
2025-06-28 11:53:47,967 [INFO] AnalyticsPlugin:253 - Accepted Software Licenses: 
2025-06-28 11:53:47,968 [INFO] AnalyticsPlugin:255 - Accepted CMSIS Pack Licenses: 
2025-06-28 11:53:47,968 [INFO] AnalyticsPlugin:257 - Accepted Firmware Licenses: 
2025-06-28 11:53:47,982 [INFO] PluginManage:359 - Loaded plugin analytics (category:tool,tabindex:-1)
2025-06-28 11:53:47,983 [INFO] PluginManage:310 - Check plugin cadmodel
2025-06-28 11:53:48,102 [INFO] CADModel:105 - Init CAD model plugin
2025-06-28 11:53:48,103 [INFO] PluginManage:359 - Loaded plugin cadmodel (category:power,tabindex:5)
2025-06-28 11:53:48,103 [INFO] PluginManage:310 - Check plugin clock
2025-06-28 11:53:48,155 [INFO] PluginManage:359 - Loaded plugin clock (category:base,tabindex:2)
2025-06-28 11:53:48,155 [INFO] PluginManage:310 - Check plugin ddr
2025-06-28 11:53:48,160 [INFO] PluginManage:359 - Loaded plugin ddr (category:tool,tabindex:6)
2025-06-28 11:53:48,161 [INFO] PluginManage:310 - Check plugin filemanager
2025-06-28 11:53:48,749 [INFO] PluginManage:359 - Loaded plugin filemanager (category:base,tabindex:10)
2025-06-28 11:53:48,750 [INFO] PluginManage:310 - Check plugin ipmanager
2025-06-28 11:53:48,763 [INFO] PluginManage:359 - Loaded plugin ipmanager (category:base,tabindex:5)
2025-06-28 11:53:48,763 [INFO] PluginManage:310 - Check plugin lpbam
2025-06-28 11:53:48,801 [INFO] PluginManage:359 - Loaded plugin lpbam (category:base,tabindex:0)
2025-06-28 11:53:48,801 [INFO] PluginManage:310 - Check plugin memorymap
2025-06-28 11:53:48,851 [INFO] PluginManage:359 - Loaded plugin memorymap (category:base,tabindex:4)
2025-06-28 11:53:48,851 [INFO] PluginManage:310 - Check plugin pinoutandconfiguration
2025-06-28 11:53:48,893 [INFO] PluginManage:359 - Loaded plugin pinoutandconfiguration (category:base,tabindex:1)
2025-06-28 11:53:48,893 [INFO] PluginManage:310 - Check plugin pinoutconfig
2025-06-28 11:53:49,089 [WARN] SupportedApi:132 - Cannot load RTOS API schema: s4s-elt-must-match.1: The content of 'definitions' must match (annotation?, (simpleType | complexType)?, (unique | key | keyref)*)). A problem was found starting at: attribute.
2025-06-28 11:53:49,404 [INFO] PluginManage:359 - Loaded plugin pinoutconfig (category:base,tabindex:0)
2025-06-28 11:53:49,404 [INFO] PluginManage:310 - Check plugin power
2025-06-28 11:53:49,448 [INFO] PluginManage:359 - Loaded plugin power (category:power,tabindex:4)
2025-06-28 11:53:49,448 [INFO] PluginManage:310 - Check plugin projectmanager
2025-06-28 11:53:49,482 [INFO] PluginManage:359 - Loaded plugin projectmanager (category:projectmanager,tabindex:4)
2025-06-28 11:53:49,482 [INFO] PluginManage:310 - Check plugin rif
2025-06-28 11:53:49,519 [INFO] PluginManage:359 - Loaded plugin rif (category:base,tabindex:3)
2025-06-28 11:53:49,520 [INFO] PluginManage:310 - Check plugin thirdparty
2025-06-28 11:53:50,134 [INFO] PluginManage:359 - Loaded plugin thirdparty (category:base,tabindex:-1)
2025-06-28 11:53:50,135 [INFO] PluginManage:310 - Check plugin tools
2025-06-28 11:53:50,134 [WARN] IntegrityCheckThread:84 - waiting for thirdparty lock release [integrity check]
2025-06-28 11:53:50,135 [INFO] IntegrityCheckThread:86 - entering critical section [integrity check]
2025-06-28 11:53:50,137 [INFO] ThirdPartyUpdaterWithRetryManager:70 - Updater plugin not ready yet. [1/15]
2025-06-28 11:53:50,234 [INFO] PluginManage:359 - Loaded plugin tools (category:base,tabindex:7)
2025-06-28 11:53:50,235 [INFO] PluginManage:310 - Check plugin tutovideos
2025-06-28 11:53:50,582 [INFO] PluginManage:359 - Loaded plugin tutovideos (category:base,tabindex:-1)
2025-06-28 11:53:50,583 [INFO] PluginManage:310 - Check plugin updater
2025-06-28 11:53:50,680 [INFO] PluginManage:359 - Loaded plugin updater (category:base,tabindex:12)
2025-06-28 11:53:50,680 [INFO] PluginManage:310 - Check plugin userauth
2025-06-28 11:53:50,687 [INFO] UserAuth:118 - Init User Auth plugin
2025-06-28 11:53:50,688 [INFO] PluginManage:359 - Loaded plugin userauth (category:base,tabindex:14)
2025-06-28 11:53:50,689 [INFO] PluginManage:283 - PluginManage : Loaded plugins [18]
2025-06-28 11:53:51,161 [INFO] PinOutPanel:1589 - setPackage(No Configuration,No Configuration)
2025-06-28 11:53:51,316 [INFO] CADModel:165 - CPN selected for project level
2025-06-28 11:53:51,317 [INFO] CADModel:114 - Register for checkConnection events
2025-06-28 11:53:51,372 [INFO] IPUIPlugin:80 - create IPUIPlugin
2025-06-28 11:53:51,372 [INFO] PluginManager:220 - loadIPPluginJar : add adc
2025-06-28 11:53:51,465 [INFO] IPUIPlugin:80 - create IPUIPlugin
2025-06-28 11:53:51,465 [INFO] PluginManager:220 - loadIPPluginJar : add aes
2025-06-28 11:53:51,571 [INFO] IPUIPlugin:80 - create IPUIPlugin
2025-06-28 11:53:51,572 [INFO] PluginManager:220 - loadIPPluginJar : add can
2025-06-28 11:53:51,637 [INFO] IPUIPlugin:80 - create IPUIPlugin
2025-06-28 11:53:51,638 [INFO] PluginManager:220 - loadIPPluginJar : add comp
2025-06-28 11:53:51,776 [INFO] IPUIPlugin:80 - create IPUIPlugin
2025-06-28 11:53:51,776 [INFO] PluginManager:220 - loadIPPluginJar : add cryp
2025-06-28 11:53:51,821 [INFO] IPUIPlugin:80 - create IPUIPlugin
2025-06-28 11:53:51,821 [INFO] PluginManager:220 - loadIPPluginJar : add ddr_ctrl_phy
2025-06-28 11:53:51,904 [INFO] IPUIPlugin:80 - create IPUIPlugin
2025-06-28 11:53:51,904 [INFO] PluginManager:220 - loadIPPluginJar : add dfsdm
2025-06-28 11:53:51,932 [INFO] IPUIPlugin:80 - create IPUIPlugin
2025-06-28 11:53:51,933 [INFO] PluginManager:220 - loadIPPluginJar : add dma
2025-06-28 11:53:52,029 [INFO] IPUIPlugin:80 - create IPUIPlugin
2025-06-28 11:53:52,029 [INFO] PluginManager:220 - loadIPPluginJar : add dma3
2025-06-28 11:53:52,145 [INFO] IPUIPlugin:80 - create IPUIPlugin
2025-06-28 11:53:52,145 [INFO] PluginManager:220 - loadIPPluginJar : add extmemmanager
2025-06-28 11:53:52,193 [INFO] IPUIPlugin:80 - create IPUIPlugin
2025-06-28 11:53:52,193 [INFO] PluginManager:220 - loadIPPluginJar : add fatfs
2025-06-28 11:53:52,286 [INFO] IPUIPlugin:80 - create IPUIPlugin
2025-06-28 11:53:52,287 [INFO] PluginManager:220 - loadIPPluginJar : add fmc
2025-06-28 11:53:52,318 [INFO] IPUIPlugin:80 - create IPUIPlugin
2025-06-28 11:53:52,319 [INFO] PluginManager:220 - loadIPPluginJar : add freertos
2025-06-28 11:53:52,366 [INFO] IPUIPlugin:80 - create IPUIPlugin
2025-06-28 11:53:52,366 [INFO] PluginManager:220 - loadIPPluginJar : add genericplugin
2025-06-28 11:53:52,573 [INFO] IPUIPlugin:80 - create IPUIPlugin
2025-06-28 11:53:52,573 [INFO] PluginManager:220 - loadIPPluginJar : add gfxmmu
2025-06-28 11:53:52,865 [INFO] IPUIPlugin:80 - create IPUIPlugin
2025-06-28 11:53:52,865 [INFO] PluginManager:220 - loadIPPluginJar : add gic
2025-06-28 11:53:52,889 [INFO] IPUIPlugin:80 - create IPUIPlugin
2025-06-28 11:53:52,889 [INFO] PluginManager:220 - loadIPPluginJar : add gpio
2025-06-28 11:53:53,138 [INFO] ThirdPartyUpdaterWithRetryManager:70 - Updater plugin not ready yet. [2/15]
2025-06-28 11:53:53,148 [INFO] IPUIPlugin:80 - create IPUIPlugin
2025-06-28 11:53:53,149 [INFO] PluginManager:220 - loadIPPluginJar : add gtzc
2025-06-28 11:53:53,231 [INFO] IPUIPlugin:80 - create IPUIPlugin
2025-06-28 11:53:53,231 [INFO] PluginManager:220 - loadIPPluginJar : add hash
2025-06-28 11:53:53,385 [INFO] IPUIPlugin:80 - create IPUIPlugin
2025-06-28 11:53:53,385 [INFO] PluginManager:220 - loadIPPluginJar : add i2c
2025-06-28 11:53:53,489 [INFO] IPUIPlugin:80 - create IPUIPlugin
2025-06-28 11:53:53,489 [INFO] PluginManager:220 - loadIPPluginJar : add i2s
2025-06-28 11:53:53,608 [INFO] IPUIPlugin:80 - create IPUIPlugin
2025-06-28 11:53:53,609 [INFO] PluginManager:220 - loadIPPluginJar : add i3c
2025-06-28 11:53:53,870 [INFO] IPUIPlugin:80 - create IPUIPlugin
2025-06-28 11:53:53,871 [INFO] PluginManager:220 - loadIPPluginJar : add ipddr
2025-06-28 11:53:54,129 [INFO] IPUIPlugin:80 - create IPUIPlugin
2025-06-28 11:53:54,129 [INFO] PluginManager:220 - loadIPPluginJar : add linkedlist
2025-06-28 11:53:54,232 [INFO] IPUIPlugin:80 - create IPUIPlugin
2025-06-28 11:53:54,232 [INFO] PluginManager:220 - loadIPPluginJar : add lorawan
2025-06-28 11:53:54,328 [INFO] IPUIPlugin:80 - create IPUIPlugin
2025-06-28 11:53:54,328 [INFO] PluginManager:220 - loadIPPluginJar : add ltdc
2025-06-28 11:53:54,366 [INFO] IPUIPlugin:80 - create IPUIPlugin
2025-06-28 11:53:54,366 [INFO] PluginManager:220 - loadIPPluginJar : add mdma
2025-06-28 11:53:54,394 [INFO] IPUIPlugin:80 - create IPUIPlugin
2025-06-28 11:53:54,394 [INFO] PluginManager:220 - loadIPPluginJar : add nvic
2025-06-28 11:53:54,496 [INFO] IPUIPlugin:80 - create IPUIPlugin
2025-06-28 11:53:54,497 [INFO] PluginManager:220 - loadIPPluginJar : add opamp
2025-06-28 11:53:54,661 [INFO] IPUIPlugin:80 - create IPUIPlugin
2025-06-28 11:53:54,662 [INFO] PluginManager:220 - loadIPPluginJar : add openamp
2025-06-28 11:53:54,777 [INFO] IPUIPlugin:80 - create IPUIPlugin
2025-06-28 11:53:54,777 [INFO] PluginManager:220 - loadIPPluginJar : add pdm2pcm
2025-06-28 11:53:54,810 [INFO] IPUIPlugin:80 - create IPUIPlugin
2025-06-28 11:53:54,815 [INFO] PluginManager:220 - loadIPPluginJar : add plateformsettings
2025-06-28 11:53:54,875 [INFO] IPUIPlugin:80 - create IPUIPlugin
2025-06-28 11:53:54,875 [INFO] PluginManager:220 - loadIPPluginJar : add quadspi
2025-06-28 11:53:54,946 [INFO] IPUIPlugin:80 - create IPUIPlugin
2025-06-28 11:53:54,947 [INFO] PluginManager:220 - loadIPPluginJar : add radio
2025-06-28 11:53:54,977 [INFO] IPUIPlugin:80 - create IPUIPlugin
2025-06-28 11:53:54,977 [INFO] PluginManager:220 - loadIPPluginJar : add resmgrutility
2025-06-28 11:53:55,095 [INFO] IPUIPlugin:80 - create IPUIPlugin
2025-06-28 11:53:55,096 [INFO] PluginManager:220 - loadIPPluginJar : add sai
2025-06-28 11:53:55,186 [INFO] IPUIPlugin:80 - create IPUIPlugin
2025-06-28 11:53:55,186 [INFO] PluginManager:220 - loadIPPluginJar : add spi
2025-06-28 11:53:55,382 [INFO] IPUIPlugin:80 - create IPUIPlugin
2025-06-28 11:53:55,383 [INFO] PluginManager:220 - loadIPPluginJar : add stm32_wpan
2025-06-28 11:53:55,444 [INFO] IPUIPlugin:80 - create IPUIPlugin
2025-06-28 11:53:55,444 [INFO] PluginManager:220 - loadIPPluginJar : add tim
2025-06-28 11:53:55,603 [INFO] IPUIPlugin:80 - create IPUIPlugin
2025-06-28 11:53:55,604 [INFO] PluginManager:220 - loadIPPluginJar : add touchsensing
2025-06-28 11:53:55,663 [INFO] IPUIPlugin:80 - create IPUIPlugin
2025-06-28 11:53:55,664 [INFO] PluginManager:220 - loadIPPluginJar : add tracer_emb
2025-06-28 11:53:55,720 [INFO] IPUIPlugin:80 - create IPUIPlugin
2025-06-28 11:53:55,720 [INFO] PluginManager:220 - loadIPPluginJar : add ts
2025-06-28 11:53:55,774 [INFO] IPUIPlugin:80 - create IPUIPlugin
2025-06-28 11:53:55,774 [INFO] PluginManager:220 - loadIPPluginJar : add tsc
2025-06-28 11:53:55,825 [INFO] IPUIPlugin:80 - create IPUIPlugin
2025-06-28 11:53:55,825 [INFO] PluginManager:220 - loadIPPluginJar : add ucpd
2025-06-28 11:53:55,928 [INFO] IPUIPlugin:80 - create IPUIPlugin
2025-06-28 11:53:55,928 [INFO] PluginManager:220 - loadIPPluginJar : add usart
2025-06-28 11:53:56,034 [INFO] IPUIPlugin:80 - create IPUIPlugin
2025-06-28 11:53:56,034 [INFO] PluginManager:220 - loadIPPluginJar : add usbx
2025-06-28 11:53:56,140 [INFO] ThirdPartyUpdaterWithRetryManager:70 - Updater plugin not ready yet. [3/15]
2025-06-28 11:53:56,208 [FATAL] Updater:351 - Updater called before beeing initialized
2025-06-28 11:53:56,268 [INFO] RulesReader:64 - Compatibility file has been processed (302 Rules)
2025-06-28 11:53:56,284 [INFO] RulesReader:64 - Compatibility file has been processed (302 Rules)
2025-06-28 11:53:56,303 [INFO] CADModel:165 - CPN selected for project level
2025-06-28 11:53:56,303 [INFO] CADModel:114 - Register for checkConnection events
2025-06-28 11:53:56,303 [FATAL] Updater:351 - Updater called before beeing initialized
2025-06-28 11:53:56,303 [ERROR] CADModel:125 - Updater not yet initialized, retry later 
2025-06-28 11:53:56,516 [FATAL] Updater:351 - Updater called before beeing initialized
2025-06-28 11:53:56,518 [INFO] CADModel:165 - CPN selected for project level
2025-06-28 11:53:56,518 [INFO] CADModel:114 - Register for checkConnection events
2025-06-28 11:53:56,518 [FATAL] Updater:351 - Updater called before beeing initialized
2025-06-28 11:53:56,518 [ERROR] CADModel:125 - Updater not yet initialized, retry later 
2025-06-28 11:53:56,524 [FATAL] Updater:351 - Updater called before beeing initialized
2025-06-28 11:53:56,756 [FATAL] Updater:351 - Updater called before beeing initialized
2025-06-28 11:53:56,763 [INFO] DbMcusAds:53 - JSON generation date=Thu Sep 30 03:55:09 BRT 2021 (1632984909247)
2025-06-28 11:53:56,763 [FATAL] Updater:351 - Updater called before beeing initialized
2025-06-28 11:53:56,854 [WARN] DetailPanel:346 - Failed to get advertising image, set to default
2025-06-28 11:53:57,319 [FATAL] Updater:351 - Updater called before beeing initialized
2025-06-28 11:53:57,323 [FATAL] Updater:351 - Updater called before beeing initialized
2025-06-28 11:53:57,324 [FATAL] Updater:351 - Updater called before beeing initialized
2025-06-28 11:53:57,324 [WARN] DetailPanel:346 - Failed to get advertising image, set to default
2025-06-28 11:53:57,328 [FATAL] Updater:351 - Updater called before beeing initialized
2025-06-28 11:53:57,446 [ERROR] Updater:1198 - MainUpdater not yet initialized. External WinMGr cannot be set.
2025-06-28 11:53:57,465 [INFO] Updater:1134 - Updater Version found : 6.14.1
2025-06-28 11:53:57,495 [INFO] ApplicationProperties:184 - Using Application install path: C:\ST\STM32CubeIDE_1.18.1\STM32CubeIDE\plugins\com.st.stm32cube.common.mx_6.14.1.202504091515
2025-06-28 11:53:59,077 [ERROR] LogOutputStream:75 - [STDERR_REDIRECT] Jun 28, 2025 11:53:59 AM java.util.prefs.WindowsPreferences <init>
2025-06-28 11:53:59,080 [ERROR] LogOutputStream:75 - [STDERR_REDIRECT] WARNING: Could not open/create prefs root node Software\JavaSoft\Prefs at root 0xffffffff80000002. Windows RegCreateKeyEx(...) returned error code 5.
2025-06-28 11:53:59,081 [ERROR] LogOutputStream:75 - [STDERR_REDIRECT] 
2025-06-28 11:53:59,113 [INFO] MainUpdater:525 - Copy updater definitions from MX database
2025-06-28 11:53:59,141 [FATAL] Updater:351 - Updater called before beeing initialized
2025-06-28 11:53:59,147 [ERROR] IntegrityCheckThread:130 - Cannot retrieve database content from updater: error 21
2025-06-28 11:53:59,148 [INFO] ThirdParty:978 - Integrity check success = false
2025-06-28 11:53:59,153 [INFO] IntegrityCheckThread:100 - exiting critical section [integrity check]
2025-06-28 11:53:59,154 [INFO] IntegrityCheckThread:103 - End integrity checks thread
2025-06-28 11:53:59,165 [INFO] MainUpdater:558 - Copy flag file definitions from MX database
2025-06-28 11:53:59,169 [INFO] MainUpdater:574 - Copy thirdparty index definitions from MX database
2025-06-28 11:53:59,172 [INFO] MainUpdater:593 - Copy default thirdparty db definitions from MX database
2025-06-28 11:53:59,484 [INFO] MainUpdater:2872 - connection check result : 10
2025-06-28 11:53:59,484 [INFO] MainUpdater:3566 - Updater definition file requires update
2025-06-28 11:53:59,486 [INFO] MainUpdater:289 - Updater Check For Update Now.
2025-06-28 11:53:59,486 [INFO] MicroXplorer:498 - Change Database Version : DB.6.0.141
2025-06-28 11:53:59,495 [INFO] McuFinderGlobals:63 - Set McuFinder mode to 2 (CubeIDE integrated)
2025-06-28 11:53:59,496 [INFO] UserAuth:171 - activating auth plugin
2025-06-28 11:53:59,502 [INFO] UserAuth:484 - Internet connection configuration mode: 1
2025-06-28 11:53:59,535 [INFO] JxBrowserEngine:152 - Initiate JxBrowser Engine with user profile folder
2025-06-28 11:53:59,555 [INFO] ServerAccessManage:473 - Download File updaters.zip
2025-06-28 11:53:59,666 [INFO] FileExtend:242 - Unzip File : updaters.zip
2025-06-28 11:53:59,666 [INFO] FileExtend:257 - Standard Zip Deflate
2025-06-28 11:54:00,531 [INFO] ServerAccessManage:473 - Download File PacksControlFlags.xml
2025-06-28 11:54:00,741 [INFO] ServerAccessManage:473 - Download File cubemx.pidx
2025-06-28 11:54:01,010 [INFO] ServerAccessManage:473 - Download File STMicroelectronics.FP-ATR-ASTRA1.pdsc
2025-06-28 11:54:01,326 [INFO] ServerAccessManage:473 - Download File STMicroelectronics.FP-ATR-SIGFOX1.pdsc
2025-06-28 11:54:01,421 [INFO] ServerAccessManage:473 - Download File STMicroelectronics.FP-SNS-STBOX1.pdsc
2025-06-28 11:54:01,516 [INFO] ServerAccessManage:473 - Download File STMicroelectronics.FP-SNS-FLIGHT1.pdsc
2025-06-28 11:54:01,734 [INFO] ServerAccessManage:473 - Download File STMicroelectronics.FP-SNS-MOTENV1.pdsc
2025-06-28 11:54:01,964 [INFO] ServerAccessManage:473 - Download File STMicroelectronics.FP-SNS-MOTENVWB1.pdsc
2025-06-28 11:54:02,157 [INFO] ServerAccessManage:473 - Download File STMicroelectronics.FP-SNS-SMARTAG2.pdsc
2025-06-28 11:54:02,248 [INFO] ServerAccessManage:473 - Download File STMicroelectronics.FP-SNS-STAIOTCFT.pdsc
2025-06-28 11:54:02,339 [INFO] ServerAccessManage:473 - Download File STMicroelectronics.X-CUBE-AI.pdsc
2025-06-28 11:54:03,143 [INFO] ServerAccessManage:473 - Download File STMicroelectronics.X-CUBE-ALS.pdsc
2025-06-28 11:54:03,318 [INFO] ServerAccessManage:473 - Download File STMicroelectronics.X-CUBE-BLE1.pdsc
2025-06-28 11:54:04,575 [ERROR] ServerAccessManage:1089 - Problem, file not found on Server
2025-06-28 11:54:04,619 [INFO] ServerAccessManage:473 - Download File STMicroelectronics.X-CUBE-BLE2.pdsc
2025-06-28 11:54:05,008 [INFO] ServerAccessManage:473 - Download File STMicroelectronics.X-CUBE-BLEMGR.pdsc
2025-06-28 11:54:05,666 [ERROR] ServerAccessManage:1089 - Problem, file not found on Server
2025-06-28 11:54:06,011 [INFO] ServerAccessManage:473 - Download File STMicroelectronics.X-CUBE-DISPLAY.pdsc
2025-06-28 11:54:06,300 [INFO] ServerAccessManage:473 - Download File STMicroelectronics.X-CUBE-DPOWER.pdsc
2025-06-28 11:54:07,094 [ERROR] ServerAccessManage:1089 - Problem, file not found on Server
2025-06-28 11:54:07,431 [ERROR] ServerAccessManage:1089 - Problem, file not found on Server
2025-06-28 11:54:08,196 [ERROR] ServerAccessManage:1089 - Problem, file not found on Server
2025-06-28 11:54:08,622 [ERROR] ServerAccessManage:1089 - Problem, file not found on Server
2025-06-28 11:54:08,946 [ERROR] ServerAccessManage:1089 - Problem, file not found on Server
2025-06-28 11:54:09,102 [INFO] WebApp:169 - Instantiating new browser for Auth
2025-06-28 11:54:09,451 [ERROR] ServerAccessManage:1089 - Problem, file not found on Server
2025-06-28 11:54:10,214 [ERROR] ServerAccessManage:1089 - Problem, file not found on Server
2025-06-28 11:54:10,390 [INFO] WebApp:463 - Apply proxy settings
2025-06-28 11:54:10,391 [INFO] WebApp:548 - Chromium requires no authentication
2025-06-28 11:54:10,410 [INFO] WebApp:491 - Direct internet connection detected
2025-06-28 11:54:10,455 [INFO] WebApp:894 - Register for checkConnection events
2025-06-28 11:54:10,456 [INFO] WebApp:463 - Apply proxy settings
2025-06-28 11:54:10,456 [INFO] WebApp:548 - Chromium requires no authentication
2025-06-28 11:54:10,457 [INFO] WebApp:491 - Direct internet connection detected
2025-06-28 11:54:10,756 [INFO] WebApp:225 - Starting web application
2025-06-28 11:54:10,756 [INFO] WebApp:593 - Web application path used C:\ST\STM32CubeIDE_1.18.1\STM32CubeIDE\plugins\com.st.stm32cube.common.mx_6.14.1.202504091515\db\plugins\mcufinder\reactClient1\index.html
2025-06-28 11:54:10,786 [INFO] WebApp:191 - Connection restablished
2025-06-28 11:54:10,814 [ERROR] ServerAccessManage:1089 - Problem, file not found on Server
2025-06-28 11:54:11,557 [ERROR] ServerAccessManage:1089 - Problem, file not found on Server
2025-06-28 11:54:12,268 [ERROR] ServerAccessManage:1089 - Problem, file not found on Server
2025-06-28 11:54:12,963 [ERROR] ServerAccessManage:1089 - Problem, file not found on Server
2025-06-28 11:54:12,998 [INFO] ServerAccessManage:473 - Download File STMicroelectronics.X-CUBE-EEPRMA1.pdsc
2025-06-28 11:54:13,437 [ERROR] ServerAccessManage:1089 - Problem, file not found on Server
2025-06-28 11:54:14,195 [ERROR] ServerAccessManage:1089 - Problem, file not found on Server
2025-06-28 11:54:14,393 [INFO] ServerAccessManage:473 - Download File STMicroelectronics.X-CUBE-FREERTOS.pdsc
2025-06-28 11:54:14,739 [INFO] ServerAccessManage:473 - Download File STMicroelectronics.X-CUBE-GNSS1.pdsc
2025-06-28 11:54:15,835 [ERROR] ServerAccessManage:1089 - Problem, file not found on Server
2025-06-28 11:54:16,435 [ERROR] ServerAccessManage:1089 - Problem, file not found on Server
2025-06-28 11:54:16,862 [ERROR] ServerAccessManage:1089 - Problem, file not found on Server
2025-06-28 11:54:17,559 [ERROR] ServerAccessManage:1089 - Problem, file not found on Server
2025-06-28 11:54:18,162 [ERROR] ServerAccessManage:1089 - Problem, file not found on Server
2025-06-28 11:54:18,767 [ERROR] ServerAccessManage:1089 - Problem, file not found on Server
2025-06-28 11:54:18,809 [INFO] ServerAccessManage:473 - Download File STMicroelectronics.X-CUBE-ISPU.pdsc
2025-06-28 11:54:19,469 [INFO] ServerAccessManage:473 - Download File STMicroelectronics.X-CUBE-IPS.pdsc
2025-06-28 11:54:19,627 [INFO] ServerAccessManage:473 - Download File STMicroelectronics.X-CUBE-MEMS1.pdsc
2025-06-28 11:54:20,773 [INFO] ServerAccessManage:473 - Download File STMicroelectronics.X-CUBE-NFC4.pdsc
2025-06-28 11:54:21,303 [INFO] ServerAccessManage:473 - Download File STMicroelectronics.X-CUBE-NFC6.pdsc
2025-06-28 11:54:21,440 [INFO] ServerAccessManage:473 - Download File STMicroelectronics.X-CUBE-NFC7.pdsc
2025-06-28 11:54:21,603 [INFO] ServerAccessManage:473 - Download File STMicroelectronics.X-CUBE-NFC9.pdsc
2025-06-28 11:54:21,685 [INFO] ServerAccessManage:473 - Download File STMicroelectronics.X-CUBE-NFC10.pdsc
2025-06-28 11:54:21,794 [INFO] ServerAccessManage:473 - Download File STMicroelectronics.X-CUBE-SFXS2LP1.pdsc
2025-06-28 11:54:22,005 [INFO] ServerAccessManage:473 - Download File STMicroelectronics.X-CUBE-SAFEA1.pdsc
2025-06-28 11:54:22,088 [INFO] ServerAccessManage:473 - Download File STMicroelectronics.X-CUBE-SUBG2.pdsc
2025-06-28 11:54:22,753 [INFO] ServerAccessManage:473 - Download File STMicroelectronics.X-CUBE-SMBUS.pdsc
2025-06-28 11:54:23,387 [ERROR] ServerAccessManage:1089 - Problem, file not found on Server
2025-06-28 11:54:23,430 [INFO] ServerAccessManage:473 - Download File STMicroelectronics.X-CUBE-ST60.pdsc
2025-06-28 11:54:23,512 [INFO] ServerAccessManage:473 - Download File STMicroelectronics.X-CUBE-ST67W61.pdsc
2025-06-28 11:54:23,605 [INFO] ServerAccessManage:473 - Download File STMicroelectronics.X-CUBE-PM33A1.pdsc
2025-06-28 11:54:23,690 [INFO] ServerAccessManage:473 - Download File STMicroelectronics.X-CUBE-TCPP.pdsc
2025-06-28 11:54:23,884 [INFO] ServerAccessManage:473 - Download File STMicroelectronics.X-CUBE-TOF1.pdsc
2025-06-28 11:54:24,521 [ERROR] ServerAccessManage:1089 - Problem, file not found on Server
2025-06-28 11:54:24,583 [INFO] ServerAccessManage:473 - Download File STMicroelectronics.X-CUBE-TOUCHGFX.pdsc
2025-06-28 11:54:25,642 [INFO] ServerAccessManage:473 - Download File STMicroelectronics.X-CUBE-ALGOBUILD.pdsc
2025-06-28 11:54:25,930 [INFO] ServerAccessManage:473 - Download File STMicroelectronics.X-CUBE-AZRTOS-H7.pdsc
2025-06-28 11:54:26,315 [INFO] ServerAccessManage:473 - Download File STMicroelectronics.X-CUBE-AZRTOS-H7RS.pdsc
2025-06-28 11:54:26,496 [INFO] ServerAccessManage:473 - Download File STMicroelectronics.X-CUBE-AZRTOS-F4.pdsc
2025-06-28 11:54:26,692 [INFO] ServerAccessManage:473 - Download File STMicroelectronics.X-CUBE-AZRTOS-F7.pdsc
2025-06-28 11:54:26,876 [INFO] ServerAccessManage:473 - Download File STMicroelectronics.X-CUBE-AZRTOS-L4.pdsc
2025-06-28 11:54:27,026 [INFO] ServerAccessManage:473 - Download File STMicroelectronics.X-CUBE-AZRTOS-L5.pdsc
2025-06-28 11:54:27,214 [INFO] ServerAccessManage:473 - Download File STMicroelectronics.X-CUBE-AZRTOS-G0.pdsc
2025-06-28 11:54:27,386 [INFO] ServerAccessManage:473 - Download File STMicroelectronics.X-CUBE-AZRTOS-G4.pdsc
2025-06-28 11:54:27,557 [INFO] ServerAccessManage:473 - Download File STMicroelectronics.X-CUBE-AZRTOS-WB.pdsc
2025-06-28 11:54:27,743 [INFO] ServerAccessManage:473 - Download File STMicroelectronics.X-CUBE-AZRTOS-WL.pdsc
2025-06-28 11:54:27,935 [INFO] ServerAccessManage:473 - Download File STMicroelectronics.X-CUBE-WB05N.pdsc
2025-06-28 11:54:28,840 [INFO] ServerAccessManage:473 - Download File wolfSSL.I-CUBE-wolfSSL.pdsc
2025-06-28 11:54:34,965 [ERROR] ServerAccessManage:1089 - Problem, file not found on Server
2025-06-28 11:54:35,279 [ERROR] ServerAccessManage:1089 - Problem, file not found on Server
2025-06-28 11:54:35,576 [ERROR] ServerAccessManage:1089 - Problem, file not found on Server
2025-06-28 11:54:35,703 [INFO] ServerAccessManage:473 - Download File wolfSSL.I-CUBE-wolfMQTT.pdsc
2025-06-28 11:54:37,075 [ERROR] ServerAccessManage:1089 - Problem, file not found on Server
2025-06-28 11:54:37,202 [INFO] ServerAccessManage:473 - Download File wolfSSL.I-CUBE-wolfTPM.pdsc
2025-06-28 11:54:38,974 [INFO] ServerAccessManage:473 - Download File wolfSSL.I-CUBE-wolfSSH.pdsc
2025-06-28 11:54:51,892 [INFO] Activator:176 - 


2025-06-28 11:54:51,895 [INFO] Activator:177 - !SESSION log4j initialized
2025-06-28 11:54:56,732 [INFO] LogOutputStream:77 - [STDOUT_REDIRECT] 
2025-06-28 11:55:08,312 [INFO] ApplicationProperties:184 - Using Application install path: C:\ST\STM32CubeIDE_1.18.1\STM32CubeIDE\plugins\com.st.stm32cube.common.mx_6.14.1.202504091515
2025-06-28 11:55:08,338 [INFO] DbMcusXml:78 - Set database path to: C:\ST\STM32CubeIDE_1.18.1\STM32CubeIDE\plugins\com.st.stm32cube.common.mx_6.14.1.202504091515\\db\/mcu/
2025-06-28 11:55:08,338 [INFO] ApiDb:274 - Set plugin database path to: C:\ST\STM32CubeIDE_1.18.1\STM32CubeIDE\plugins\com.st.stm32cube.common.mx_6.14.1.202504091515\\db\/plugins/boardmanager/
2025-06-28 11:55:08,339 [WARN] ApiDb:259 - Overriding images path with different value:  => C:\ST\STM32CubeIDE_1.18.1\STM32CubeIDE\plugins\com.st.stm32cube.common.mx_6.14.1.202504091515\\db\/plugins/mcufinder/images/
2025-06-28 11:55:08,348 [INFO] ApiDb:250 - Set database path to: C:\Users\Cardinal\.stmcufinder\plugins\mcufinder//mcu/
2025-06-28 11:55:08,350 [INFO] DbMcusAds:125 - Set database path to: C:\Users\Cardinal\.stmcufinder\plugins\mcufinder//mcu/
2025-06-28 11:55:08,365 [INFO] CrossReferenceDbSqlite:203 - Set database path to: C:\Users\Cardinal\.stmcufinder\plugins\mcufinder//mcu/cs/
2025-06-28 11:55:08,546 [INFO] RulesReader:64 - Compatibility file has been processed (302 Rules)
2025-06-28 11:55:08,677 [INFO] DbMcusXml:78 - Set database path to: C:\ST\STM32CubeIDE_1.18.1\STM32CubeIDE\plugins\com.st.stm32cube.common.mx_6.14.1.202504091515\\db\/mcu/
2025-06-28 11:55:08,677 [INFO] ApiDb:274 - Set plugin database path to: C:\ST\STM32CubeIDE_1.18.1\STM32CubeIDE\plugins\com.st.stm32cube.common.mx_6.14.1.202504091515\\db\/plugins/boardmanager/
2025-06-28 11:55:08,677 [INFO] ApiDb:261 - Set plugin images path to: C:\ST\STM32CubeIDE_1.18.1\STM32CubeIDE\plugins\com.st.stm32cube.common.mx_6.14.1.202504091515\\db\/plugins/mcufinder/images/
2025-06-28 11:55:08,678 [WARN] DbFile:41 - Overriding database path with different value: C:\Users\Cardinal\.stmcufinder\plugins\mcufinder/ => C:\Users\Cardinal\.stmcufinder\plugins\mcufinder
2025-06-28 11:55:08,678 [INFO] ApiDb:250 - Set database path to: C:\Users\Cardinal\.stmcufinder\plugins\mcufinder//mcu/
2025-06-28 11:55:08,678 [WARN] DbFile:41 - Overriding database path with different value: C:\Users\Cardinal\.stmcufinder\plugins\mcufinder/ => C:\Users\Cardinal\.stmcufinder\plugins\mcufinder
2025-06-28 11:55:08,678 [INFO] DbMcusAds:125 - Set database path to: C:\Users\Cardinal\.stmcufinder\plugins\mcufinder//mcu/
2025-06-28 11:55:08,679 [WARN] DbFile:41 - Overriding database path with different value: C:\Users\Cardinal\.stmcufinder\plugins\mcufinder/ => C:\Users\Cardinal\.stmcufinder\plugins\mcufinder
2025-06-28 11:55:08,679 [WARN] DbFile:41 - Overriding database path with different value: C:\Users\Cardinal\.stmcufinder\plugins\mcufinder/ => C:\Users\Cardinal\.stmcufinder\plugins\mcufinder
2025-06-28 11:55:08,679 [INFO] CrossReferenceDbSqlite:203 - Set database path to: C:\Users\Cardinal\.stmcufinder\plugins\mcufinder//mcu/cs/
2025-06-28 11:55:08,790 [INFO] MainPanel:272 - HeapMemory: 268435456
2025-06-28 11:55:08,904 [INFO] DbMcusXml:78 - Set database path to: C:\ST\STM32CubeIDE_1.18.1\STM32CubeIDE\plugins\com.st.stm32cube.common.mx_6.14.1.202504091515\\db\/mcu/
2025-06-28 11:55:08,904 [INFO] ApiDb:274 - Set plugin database path to: C:\ST\STM32CubeIDE_1.18.1\STM32CubeIDE\plugins\com.st.stm32cube.common.mx_6.14.1.202504091515\\db\/plugins/boardmanager/
2025-06-28 11:55:08,905 [INFO] ApiDb:261 - Set plugin images path to: C:\ST\STM32CubeIDE_1.18.1\STM32CubeIDE\plugins\com.st.stm32cube.common.mx_6.14.1.202504091515\\db\/plugins/mcufinder/images/
2025-06-28 11:55:08,905 [WARN] DbFile:41 - Overriding database path with different value: C:\Users\Cardinal\.stmcufinder\plugins\mcufinder/ => C:\Users\Cardinal\.stmcufinder\plugins\mcufinder
2025-06-28 11:55:08,906 [INFO] ApiDb:250 - Set database path to: C:\Users\Cardinal\.stmcufinder\plugins\mcufinder//mcu/
2025-06-28 11:55:08,906 [WARN] DbFile:41 - Overriding database path with different value: C:\Users\Cardinal\.stmcufinder\plugins\mcufinder/ => C:\Users\Cardinal\.stmcufinder\plugins\mcufinder
2025-06-28 11:55:08,906 [INFO] DbMcusAds:125 - Set database path to: C:\Users\Cardinal\.stmcufinder\plugins\mcufinder//mcu/
2025-06-28 11:55:08,906 [WARN] DbFile:41 - Overriding database path with different value: C:\Users\Cardinal\.stmcufinder\plugins\mcufinder/ => C:\Users\Cardinal\.stmcufinder\plugins\mcufinder
2025-06-28 11:55:08,906 [WARN] DbFile:41 - Overriding database path with different value: C:\Users\Cardinal\.stmcufinder\plugins\mcufinder/ => C:\Users\Cardinal\.stmcufinder\plugins\mcufinder
2025-06-28 11:55:08,906 [INFO] CrossReferenceDbSqlite:203 - Set database path to: C:\Users\Cardinal\.stmcufinder\plugins\mcufinder//mcu/cs/
2025-06-28 11:55:08,934 [INFO] ApplicationProperties:184 - Using Application install path: C:\ST\STM32CubeIDE_1.18.1\STM32CubeIDE\plugins\com.st.stm32cube.common.mx_6.14.1.202504091515
2025-06-28 11:55:08,936 [INFO] PluginManage:196 - Search for loadable plugins [exclusion list=, ]
2025-06-28 11:55:08,938 [INFO] PluginManage:310 - Check plugin analytics
2025-06-28 11:55:13,763 [INFO] AnalyticsPlugin:253 - Accepted Software Licenses: 
2025-06-28 11:55:13,763 [INFO] AnalyticsPlugin:255 - Accepted CMSIS Pack Licenses: 
2025-06-28 11:55:13,763 [INFO] AnalyticsPlugin:257 - Accepted Firmware Licenses: 
2025-06-28 11:55:13,772 [INFO] PluginManage:359 - Loaded plugin analytics (category:tool,tabindex:-1)
2025-06-28 11:55:13,773 [INFO] PluginManage:310 - Check plugin cadmodel
2025-06-28 11:55:13,779 [INFO] CADModel:105 - Init CAD model plugin
2025-06-28 11:55:13,779 [INFO] PluginManage:359 - Loaded plugin cadmodel (category:power,tabindex:5)
2025-06-28 11:55:13,780 [INFO] PluginManage:310 - Check plugin clock
2025-06-28 11:55:13,789 [INFO] PluginManage:359 - Loaded plugin clock (category:base,tabindex:2)
2025-06-28 11:55:13,790 [INFO] PluginManage:310 - Check plugin ddr
2025-06-28 11:55:13,792 [INFO] PluginManage:359 - Loaded plugin ddr (category:tool,tabindex:6)
2025-06-28 11:55:13,792 [INFO] PluginManage:310 - Check plugin filemanager
2025-06-28 11:55:14,046 [INFO] PluginManage:359 - Loaded plugin filemanager (category:base,tabindex:10)
2025-06-28 11:55:14,046 [INFO] PluginManage:310 - Check plugin ipmanager
2025-06-28 11:55:14,056 [INFO] PluginManage:359 - Loaded plugin ipmanager (category:base,tabindex:5)
2025-06-28 11:55:14,057 [INFO] PluginManage:310 - Check plugin lpbam
2025-06-28 11:55:14,067 [INFO] PluginManage:359 - Loaded plugin lpbam (category:base,tabindex:0)
2025-06-28 11:55:14,067 [INFO] PluginManage:310 - Check plugin memorymap
2025-06-28 11:55:14,086 [INFO] PluginManage:359 - Loaded plugin memorymap (category:base,tabindex:4)
2025-06-28 11:55:14,086 [INFO] PluginManage:310 - Check plugin pinoutandconfiguration
2025-06-28 11:55:14,096 [INFO] PluginManage:359 - Loaded plugin pinoutandconfiguration (category:base,tabindex:1)
2025-06-28 11:55:14,097 [INFO] PluginManage:310 - Check plugin pinoutconfig
2025-06-28 11:55:14,254 [WARN] SupportedApi:132 - Cannot load RTOS API schema: s4s-elt-must-match.1: The content of 'definitions' must match (annotation?, (simpleType | complexType)?, (unique | key | keyref)*)). A problem was found starting at: attribute.
2025-06-28 11:55:14,422 [INFO] PluginManage:359 - Loaded plugin pinoutconfig (category:base,tabindex:0)
2025-06-28 11:55:14,422 [INFO] PluginManage:310 - Check plugin power
2025-06-28 11:55:14,432 [INFO] PluginManage:359 - Loaded plugin power (category:power,tabindex:4)
2025-06-28 11:55:14,433 [INFO] PluginManage:310 - Check plugin projectmanager
2025-06-28 11:55:14,457 [INFO] PluginManage:359 - Loaded plugin projectmanager (category:projectmanager,tabindex:4)
2025-06-28 11:55:14,457 [INFO] PluginManage:310 - Check plugin rif
2025-06-28 11:55:14,465 [INFO] PluginManage:359 - Loaded plugin rif (category:base,tabindex:3)
2025-06-28 11:55:14,466 [INFO] PluginManage:310 - Check plugin thirdparty
2025-06-28 11:55:14,682 [INFO] PluginManage:359 - Loaded plugin thirdparty (category:base,tabindex:-1)
2025-06-28 11:55:14,682 [INFO] PluginManage:310 - Check plugin tools
2025-06-28 11:55:14,682 [WARN] IntegrityCheckThread:84 - waiting for thirdparty lock release [integrity check]
2025-06-28 11:55:14,684 [INFO] IntegrityCheckThread:86 - entering critical section [integrity check]
2025-06-28 11:55:14,684 [INFO] ThirdPartyUpdaterWithRetryManager:70 - Updater plugin not ready yet. [1/15]
2025-06-28 11:55:14,686 [INFO] PluginManage:359 - Loaded plugin tools (category:base,tabindex:7)
2025-06-28 11:55:14,686 [INFO] PluginManage:310 - Check plugin tutovideos
2025-06-28 11:55:15,002 [INFO] PluginManage:359 - Loaded plugin tutovideos (category:base,tabindex:-1)
2025-06-28 11:55:15,002 [INFO] PluginManage:310 - Check plugin updater
2025-06-28 11:55:15,098 [INFO] PluginManage:359 - Loaded plugin updater (category:base,tabindex:12)
2025-06-28 11:55:15,098 [INFO] PluginManage:310 - Check plugin userauth
2025-06-28 11:55:15,103 [INFO] UserAuth:118 - Init User Auth plugin
2025-06-28 11:55:15,104 [INFO] PluginManage:359 - Loaded plugin userauth (category:base,tabindex:14)
2025-06-28 11:55:15,105 [INFO] PluginManage:283 - PluginManage : Loaded plugins [18]
2025-06-28 11:55:15,430 [INFO] PinOutPanel:1589 - setPackage(No Configuration,No Configuration)
2025-06-28 11:55:15,553 [INFO] CADModel:165 - CPN selected for project level
2025-06-28 11:55:15,553 [INFO] CADModel:114 - Register for checkConnection events
2025-06-28 11:55:15,576 [INFO] IPUIPlugin:80 - create IPUIPlugin
2025-06-28 11:55:15,576 [INFO] PluginManager:220 - loadIPPluginJar : add adc
2025-06-28 11:55:15,580 [INFO] IPUIPlugin:80 - create IPUIPlugin
2025-06-28 11:55:15,580 [INFO] PluginManager:220 - loadIPPluginJar : add aes
2025-06-28 11:55:15,585 [INFO] IPUIPlugin:80 - create IPUIPlugin
2025-06-28 11:55:15,585 [INFO] PluginManager:220 - loadIPPluginJar : add can
2025-06-28 11:55:15,589 [INFO] IPUIPlugin:80 - create IPUIPlugin
2025-06-28 11:55:15,589 [INFO] PluginManager:220 - loadIPPluginJar : add comp
2025-06-28 11:55:15,593 [INFO] IPUIPlugin:80 - create IPUIPlugin
2025-06-28 11:55:15,593 [INFO] PluginManager:220 - loadIPPluginJar : add cryp
2025-06-28 11:55:15,597 [INFO] IPUIPlugin:80 - create IPUIPlugin
2025-06-28 11:55:15,597 [INFO] PluginManager:220 - loadIPPluginJar : add ddr_ctrl_phy
2025-06-28 11:55:15,601 [INFO] IPUIPlugin:80 - create IPUIPlugin
2025-06-28 11:55:15,601 [INFO] PluginManager:220 - loadIPPluginJar : add dfsdm
2025-06-28 11:55:15,609 [INFO] IPUIPlugin:80 - create IPUIPlugin
2025-06-28 11:55:15,610 [INFO] PluginManager:220 - loadIPPluginJar : add dma
2025-06-28 11:55:15,614 [INFO] IPUIPlugin:80 - create IPUIPlugin
2025-06-28 11:55:15,614 [INFO] PluginManager:220 - loadIPPluginJar : add dma3
2025-06-28 11:55:15,619 [INFO] IPUIPlugin:80 - create IPUIPlugin
2025-06-28 11:55:15,619 [INFO] PluginManager:220 - loadIPPluginJar : add extmemmanager
2025-06-28 11:55:15,622 [INFO] IPUIPlugin:80 - create IPUIPlugin
2025-06-28 11:55:15,622 [INFO] PluginManager:220 - loadIPPluginJar : add fatfs
2025-06-28 11:55:15,629 [INFO] IPUIPlugin:80 - create IPUIPlugin
2025-06-28 11:55:15,629 [INFO] PluginManager:220 - loadIPPluginJar : add fmc
2025-06-28 11:55:15,636 [INFO] IPUIPlugin:80 - create IPUIPlugin
2025-06-28 11:55:15,636 [INFO] PluginManager:220 - loadIPPluginJar : add freertos
2025-06-28 11:55:15,639 [INFO] IPUIPlugin:80 - create IPUIPlugin
2025-06-28 11:55:15,639 [INFO] PluginManager:220 - loadIPPluginJar : add genericplugin
2025-06-28 11:55:15,643 [INFO] IPUIPlugin:80 - create IPUIPlugin
2025-06-28 11:55:15,643 [INFO] PluginManager:220 - loadIPPluginJar : add gfxmmu
2025-06-28 11:55:15,650 [INFO] IPUIPlugin:80 - create IPUIPlugin
2025-06-28 11:55:15,650 [INFO] PluginManager:220 - loadIPPluginJar : add gic
2025-06-28 11:55:15,656 [INFO] IPUIPlugin:80 - create IPUIPlugin
2025-06-28 11:55:15,656 [INFO] PluginManager:220 - loadIPPluginJar : add gpio
2025-06-28 11:55:15,661 [INFO] IPUIPlugin:80 - create IPUIPlugin
2025-06-28 11:55:15,661 [INFO] PluginManager:220 - loadIPPluginJar : add gtzc
2025-06-28 11:55:15,665 [INFO] IPUIPlugin:80 - create IPUIPlugin
2025-06-28 11:55:15,666 [INFO] PluginManager:220 - loadIPPluginJar : add hash
2025-06-28 11:55:15,670 [INFO] IPUIPlugin:80 - create IPUIPlugin
2025-06-28 11:55:15,670 [INFO] PluginManager:220 - loadIPPluginJar : add i2c
2025-06-28 11:55:15,674 [INFO] IPUIPlugin:80 - create IPUIPlugin
2025-06-28 11:55:15,674 [INFO] PluginManager:220 - loadIPPluginJar : add i2s
2025-06-28 11:55:15,679 [INFO] IPUIPlugin:80 - create IPUIPlugin
2025-06-28 11:55:15,679 [INFO] PluginManager:220 - loadIPPluginJar : add i3c
2025-06-28 11:55:15,683 [INFO] IPUIPlugin:80 - create IPUIPlugin
2025-06-28 11:55:15,683 [INFO] PluginManager:220 - loadIPPluginJar : add ipddr
2025-06-28 11:55:15,691 [INFO] IPUIPlugin:80 - create IPUIPlugin
2025-06-28 11:55:15,692 [INFO] PluginManager:220 - loadIPPluginJar : add linkedlist
2025-06-28 11:55:15,696 [INFO] IPUIPlugin:80 - create IPUIPlugin
2025-06-28 11:55:15,696 [INFO] PluginManager:220 - loadIPPluginJar : add lorawan
2025-06-28 11:55:15,698 [INFO] IPUIPlugin:80 - create IPUIPlugin
2025-06-28 11:55:15,699 [INFO] PluginManager:220 - loadIPPluginJar : add ltdc
2025-06-28 11:55:15,706 [INFO] IPUIPlugin:80 - create IPUIPlugin
2025-06-28 11:55:15,706 [INFO] PluginManager:220 - loadIPPluginJar : add mdma
2025-06-28 11:55:15,711 [INFO] IPUIPlugin:80 - create IPUIPlugin
2025-06-28 11:55:15,712 [INFO] PluginManager:220 - loadIPPluginJar : add nvic
2025-06-28 11:55:15,716 [INFO] IPUIPlugin:80 - create IPUIPlugin
2025-06-28 11:55:15,716 [INFO] PluginManager:220 - loadIPPluginJar : add opamp
2025-06-28 11:55:15,722 [INFO] IPUIPlugin:80 - create IPUIPlugin
2025-06-28 11:55:15,722 [INFO] PluginManager:220 - loadIPPluginJar : add openamp
2025-06-28 11:55:15,727 [INFO] IPUIPlugin:80 - create IPUIPlugin
2025-06-28 11:55:15,727 [INFO] PluginManager:220 - loadIPPluginJar : add pdm2pcm
2025-06-28 11:55:15,736 [INFO] IPUIPlugin:80 - create IPUIPlugin
2025-06-28 11:55:15,740 [INFO] PluginManager:220 - loadIPPluginJar : add plateformsettings
2025-06-28 11:55:15,742 [INFO] IPUIPlugin:80 - create IPUIPlugin
2025-06-28 11:55:15,742 [INFO] PluginManager:220 - loadIPPluginJar : add quadspi
2025-06-28 11:55:15,746 [INFO] IPUIPlugin:80 - create IPUIPlugin
2025-06-28 11:55:15,747 [INFO] PluginManager:220 - loadIPPluginJar : add radio
2025-06-28 11:55:15,751 [INFO] IPUIPlugin:80 - create IPUIPlugin
2025-06-28 11:55:15,751 [INFO] PluginManager:220 - loadIPPluginJar : add resmgrutility
2025-06-28 11:55:15,756 [INFO] IPUIPlugin:80 - create IPUIPlugin
2025-06-28 11:55:15,756 [INFO] PluginManager:220 - loadIPPluginJar : add sai
2025-06-28 11:55:15,759 [INFO] IPUIPlugin:80 - create IPUIPlugin
2025-06-28 11:55:15,760 [INFO] PluginManager:220 - loadIPPluginJar : add spi
2025-06-28 11:55:15,768 [INFO] IPUIPlugin:80 - create IPUIPlugin
2025-06-28 11:55:15,768 [INFO] PluginManager:220 - loadIPPluginJar : add stm32_wpan
2025-06-28 11:55:15,771 [INFO] IPUIPlugin:80 - create IPUIPlugin
2025-06-28 11:55:15,771 [INFO] PluginManager:220 - loadIPPluginJar : add tim
2025-06-28 11:55:15,777 [INFO] IPUIPlugin:80 - create IPUIPlugin
2025-06-28 11:55:15,777 [INFO] PluginManager:220 - loadIPPluginJar : add touchsensing
2025-06-28 11:55:15,780 [INFO] IPUIPlugin:80 - create IPUIPlugin
2025-06-28 11:55:15,780 [INFO] PluginManager:220 - loadIPPluginJar : add tracer_emb
2025-06-28 11:55:15,783 [INFO] IPUIPlugin:80 - create IPUIPlugin
2025-06-28 11:55:15,783 [INFO] PluginManager:220 - loadIPPluginJar : add ts
2025-06-28 11:55:15,785 [INFO] IPUIPlugin:80 - create IPUIPlugin
2025-06-28 11:55:15,785 [INFO] PluginManager:220 - loadIPPluginJar : add tsc
2025-06-28 11:55:15,788 [INFO] IPUIPlugin:80 - create IPUIPlugin
2025-06-28 11:55:15,789 [INFO] PluginManager:220 - loadIPPluginJar : add ucpd
2025-06-28 11:55:15,792 [INFO] IPUIPlugin:80 - create IPUIPlugin
2025-06-28 11:55:15,792 [INFO] PluginManager:220 - loadIPPluginJar : add usart
2025-06-28 11:55:15,796 [INFO] IPUIPlugin:80 - create IPUIPlugin
2025-06-28 11:55:15,796 [INFO] PluginManager:220 - loadIPPluginJar : add usbx
2025-06-28 11:55:15,952 [FATAL] Updater:351 - Updater called before beeing initialized
2025-06-28 11:55:15,993 [INFO] RulesReader:64 - Compatibility file has been processed (302 Rules)
2025-06-28 11:55:16,011 [INFO] RulesReader:64 - Compatibility file has been processed (302 Rules)
2025-06-28 11:55:16,021 [INFO] CADModel:165 - CPN selected for project level
2025-06-28 11:55:16,021 [INFO] CADModel:114 - Register for checkConnection events
2025-06-28 11:55:16,021 [FATAL] Updater:351 - Updater called before beeing initialized
2025-06-28 11:55:16,022 [ERROR] CADModel:125 - Updater not yet initialized, retry later 
2025-06-28 11:55:16,196 [FATAL] Updater:351 - Updater called before beeing initialized
2025-06-28 11:55:16,198 [INFO] CADModel:165 - CPN selected for project level
2025-06-28 11:55:16,198 [INFO] CADModel:114 - Register for checkConnection events
2025-06-28 11:55:16,198 [FATAL] Updater:351 - Updater called before beeing initialized
2025-06-28 11:55:16,198 [ERROR] CADModel:125 - Updater not yet initialized, retry later 
2025-06-28 11:55:16,201 [FATAL] Updater:351 - Updater called before beeing initialized
2025-06-28 11:55:16,353 [FATAL] Updater:351 - Updater called before beeing initialized
2025-06-28 11:55:16,360 [INFO] DbMcusAds:53 - JSON generation date=Thu Sep 30 03:55:09 BRT 2021 (1632984909247)
2025-06-28 11:55:16,361 [FATAL] Updater:351 - Updater called before beeing initialized
2025-06-28 11:55:16,411 [WARN] DetailPanel:346 - Failed to get advertising image, set to default
2025-06-28 11:55:16,828 [FATAL] Updater:351 - Updater called before beeing initialized
2025-06-28 11:55:16,831 [FATAL] Updater:351 - Updater called before beeing initialized
2025-06-28 11:55:16,831 [FATAL] Updater:351 - Updater called before beeing initialized
2025-06-28 11:55:16,831 [WARN] DetailPanel:346 - Failed to get advertising image, set to default
2025-06-28 11:55:16,833 [FATAL] Updater:351 - Updater called before beeing initialized
2025-06-28 11:55:16,909 [ERROR] Updater:1198 - MainUpdater not yet initialized. External WinMGr cannot be set.
2025-06-28 11:55:16,912 [INFO] Updater:1134 - Updater Version found : 6.14.1
2025-06-28 11:55:16,938 [INFO] ApplicationProperties:184 - Using Application install path: C:\ST\STM32CubeIDE_1.18.1\STM32CubeIDE\plugins\com.st.stm32cube.common.mx_6.14.1.202504091515
2025-06-28 11:55:17,686 [INFO] ThirdPartyUpdaterWithRetryManager:70 - Updater plugin not ready yet. [2/15]
2025-06-28 11:55:18,517 [ERROR] LogOutputStream:75 - [STDERR_REDIRECT] Jun 28, 2025 11:55:18 AM java.util.prefs.WindowsPreferences <init>
2025-06-28 11:55:18,520 [ERROR] LogOutputStream:75 - [STDERR_REDIRECT] WARNING: Could not open/create prefs root node Software\JavaSoft\Prefs at root 0xffffffff80000002. Windows RegCreateKeyEx(...) returned error code 5.
2025-06-28 11:55:18,520 [ERROR] LogOutputStream:75 - [STDERR_REDIRECT] 
2025-06-28 11:55:18,842 [INFO] MainUpdater:2872 - connection check result : 10
2025-06-28 11:55:18,843 [INFO] MainUpdater:3566 - Updater definition file requires update
2025-06-28 11:55:18,844 [INFO] MainUpdater:289 - Updater Check For Update Now.
2025-06-28 11:55:18,845 [INFO] MicroXplorer:498 - Change Database Version : DB.6.0.141
2025-06-28 11:55:18,852 [INFO] McuFinderGlobals:63 - Set McuFinder mode to 2 (CubeIDE integrated)
2025-06-28 11:55:18,853 [INFO] UserAuth:171 - activating auth plugin
2025-06-28 11:55:18,856 [INFO] UserAuth:484 - Internet connection configuration mode: 1
2025-06-28 11:55:18,861 [INFO] ServerAccessManage:473 - Download File updaters.zip
2025-06-28 11:55:18,894 [INFO] JxBrowserEngine:152 - Initiate JxBrowser Engine with user profile folder
2025-06-28 11:55:18,977 [INFO] FileExtend:242 - Unzip File : updaters.zip
2025-06-28 11:55:18,978 [INFO] FileExtend:257 - Standard Zip Deflate
2025-06-28 11:55:19,509 [INFO] ServerAccessManage:473 - Download File PacksControlFlags.xml
2025-06-28 11:55:19,614 [INFO] ServerAccessManage:473 - Download File cubemx.pidx
2025-06-28 11:55:19,843 [INFO] LoadServerUpdatesThread:375 - End of LoadServerUpdate Thread
2025-06-28 11:55:19,893 [WARN] CheckServerUpdateThread:151 - Open CheckUpdateFile Fail
2025-06-28 11:55:20,033 [INFO] CheckServerUpdateThread:120 - End of CheckServer Thread
2025-06-28 11:55:20,325 [INFO] WebApp:169 - Instantiating new browser for Auth
2025-06-28 11:55:21,009 [WARN] PackLoader:240 - Cannot read IP mode file for STMicroelectronics.FP-SNS-MOTENVWB1.1.4.0
2025-06-28 11:55:21,031 [WARN] PackLoader:240 - Cannot read IP mode file for STMicroelectronics.X-CUBE-SMBUS.2.1.0
2025-06-28 11:55:21,112 [WARN] PackLoader:240 - Cannot read IP mode file for STMicroelectronics.X-CUBE-AZRTOS-F7.1.1.0
2025-06-28 11:55:21,137 [WARN] PackLoader:240 - Cannot read IP mode file for STMicroelectronics.X-CUBE-DISPLAY.3.0.0
2025-06-28 11:55:21,167 [WARN] PackLoader:240 - Cannot read IP mode file for STMicroelectronics.X-CUBE-NFC10.1.0.0
2025-06-28 11:55:21,194 [WARN] PackLoader:240 - Cannot read IP mode file for STMicroelectronics.X-CUBE-BLEMGR.4.0.0
2025-06-28 11:55:21,210 [WARN] PackLoader:240 - Cannot read IP mode file for STMicroelectronics.FP-SNS-SMARTAG2.1.2.0
2025-06-28 11:55:21,258 [INFO] LogOutputStream:77 - [STDOUT_REDIRECT] 1 : Invalid condition id : UX_CORESTACK_Condition cause : null
2025-06-28 11:55:21,259 [INFO] LogOutputStream:77 - [STDOUT_REDIRECT] 1 : Invalid condition id : UX_CORESTACK_Condition cause : null
2025-06-28 11:55:21,261 [INFO] LogOutputStream:77 - [STDOUT_REDIRECT] 1 : Invalid condition id : UX_CORESTACK_Condition cause : null
2025-06-28 11:55:21,264 [INFO] LogOutputStream:77 - [STDOUT_REDIRECT] 1 : Invalid condition id : UX_CORESTACK_Condition cause : null
2025-06-28 11:55:21,265 [INFO] LogOutputStream:77 - [STDOUT_REDIRECT] 1 : Invalid condition id : UX_CORESTACK_Condition cause : null
2025-06-28 11:55:21,273 [WARN] PackLoader:240 - Cannot read IP mode file for STMicroelectronics.X-CUBE-AZRTOS-WL.2.0.0
2025-06-28 11:55:21,282 [WARN] PackLoader:240 - Cannot read IP mode file for STMicroelectronics.FP-SNS-MOTENV1.5.0.0
2025-06-28 11:55:21,295 [WARN] PackLoader:240 - Cannot read IP mode file for STMicroelectronics.X-CUBE-BLE2.3.3.0
2025-06-28 11:55:21,307 [WARN] PackLoader:240 - Cannot read IP mode file for STMicroelectronics.X-CUBE-NFC9.1.0.0
2025-06-28 11:55:21,363 [WARN] PackLoader:240 - Cannot read IP mode file for STMicroelectronics.X-CUBE-AZRTOS-G0.1.1.0
2025-06-28 11:55:21,377 [WARN] PackLoader:240 - Cannot read IP mode file for STMicroelectronics.X-CUBE-SAFEA1.1.2.2
2025-06-28 11:55:21,387 [WARN] PackLoader:240 - Cannot read IP mode file for STMicroelectronics.X-CUBE-NFC4.3.0.0
2025-06-28 11:55:21,399 [WARN] PackLoader:240 - Cannot read IP mode file for STMicroelectronics.X-CUBE-TCPP.4.2.0
2025-06-28 11:55:21,409 [WARN] PackLoader:240 - Cannot read IP mode file for STMicroelectronics.FP-ATR-SIGFOX1.3.2.0
2025-06-28 11:55:21,420 [WARN] PackLoader:240 - Cannot read IP mode file for STMicroelectronics.X-CUBE-EEPRMA1.5.1.0
2025-06-28 11:55:21,434 [WARN] PackLoader:240 - Cannot read IP mode file for STMicroelectronics.X-CUBE-ALGOBUILD.1.4.0
2025-06-28 11:55:21,482 [WARN] PackLoader:240 - Cannot read IP mode file for STMicroelectronics.X-CUBE-AZRTOS-F4.1.1.0
2025-06-28 11:55:21,494 [WARN] PackLoader:240 - Cannot read IP mode file for STMicroelectronics.X-CUBE-ISPU.2.1.0
2025-06-28 11:55:21,526 [WARN] PackLoader:240 - Cannot read IP mode file for STMicroelectronics.X-CUBE-AZRTOS-L5.2.0.0
2025-06-28 11:55:21,606 [WARN] PackLoader:240 - Cannot read IP mode file for STMicroelectronics.X-CUBE-NFC6.3.1.0
2025-06-28 11:55:21,659 [WARN] ConditionMgr:438 - getConditionDescription Invalid condition id : LAN8742 Phy interface Condition cause : null
2025-06-28 11:55:21,660 [WARN] PackLoader:240 - Cannot read IP mode file for STMicroelectronics.X-CUBE-AZRTOS-L4.2.0.0
2025-06-28 11:55:21,662 [WARN] ConditionMgr:1044 - genDependencies : Invalid condition id : LAN8742 Phy interface Condition cause : null
2025-06-28 11:55:21,663 [WARN] ConditionMgr:1044 - genDependencies : Invalid condition id : LAN8742 Phy interface Condition cause : null
2025-06-28 11:55:21,664 [WARN] ConditionMgr:1044 - genDependencies : Invalid condition id : LAN8742 Phy interface Condition cause : null
2025-06-28 11:55:21,677 [WARN] PackLoader:240 - Cannot read IP mode file for STMicroelectronics.X-CUBE-SFXS2LP1.4.0.0
2025-06-28 11:55:21,710 [WARN] PackLoader:240 - Cannot read IP mode file for STMicroelectronics.X-CUBE-AZRTOS-H7.3.3.0
2025-06-28 11:55:21,742 [WARN] ConditionMgr:438 - getConditionDescription Invalid condition id : UX DEVICE CLASS RTOS Condition cause : null
2025-06-28 11:55:21,742 [WARN] ConditionMgr:438 - getConditionDescription Invalid condition id : UX DEVICE CLASS RTOS Condition cause : null
2025-06-28 11:55:21,745 [WARN] PackLoader:240 - Cannot read IP mode file for STMicroelectronics.X-CUBE-AZRTOS-WB.2.0.0
2025-06-28 11:55:21,746 [WARN] ConditionMgr:1044 - genDependencies : Invalid condition id : UX DEVICE CLASS RTOS Condition cause : null
2025-06-28 11:55:21,747 [WARN] ConditionMgr:1044 - genDependencies : Invalid condition id : UX DEVICE CLASS RTOS Condition cause : null
2025-06-28 11:55:21,748 [WARN] ConditionMgr:1044 - genDependencies : Invalid condition id : UX DEVICE CLASS RTOS Condition cause : null
2025-06-28 11:55:21,748 [WARN] ConditionMgr:1044 - genDependencies : Invalid condition id : UX DEVICE CLASS RTOS Condition cause : null
2025-06-28 11:55:21,748 [WARN] ConditionMgr:1044 - genDependencies : Invalid condition id : UX DEVICE CLASS RTOS Condition cause : null
2025-06-28 11:55:21,757 [WARN] PackLoader:240 - Cannot read IP mode file for STMicroelectronics.X-CUBE-GNSS1.7.0.1
2025-06-28 11:55:21,766 [WARN] PackLoader:240 - Cannot read IP mode file for STMicroelectronics.FP-SNS-STBOX1.2.0.0
2025-06-28 11:55:21,791 [WARN] PackLoader:240 - Cannot read IP mode file for STMicroelectronics.X-CUBE-SUBG2.5.0.0
2025-06-28 11:55:21,818 [WARN] PackLoader:240 - Cannot read IP mode file for STMicroelectronics.X-CUBE-AZRTOS-G4.2.0.0
2025-06-28 11:55:21,840 [WARN] PackLoader:240 - Cannot read IP mode file for STMicroelectronics.X-CUBE-IPS.3.1.0
2025-06-28 11:55:21,856 [WARN] PackLoader:240 - Cannot read IP mode file for STMicroelectronics.X-CUBE-ALS.1.0.2
2025-06-28 11:55:21,857 [INFO] ThirdParty:978 - Integrity check success = true
2025-06-28 11:55:21,857 [INFO] IntegrityCheckThread:100 - exiting critical section [integrity check]
2025-06-28 11:55:21,857 [INFO] IntegrityCheckThread:103 - End integrity checks thread
2025-06-28 11:55:23,065 [INFO] WebApp:463 - Apply proxy settings
2025-06-28 11:55:23,065 [INFO] WebApp:548 - Chromium requires no authentication
2025-06-28 11:55:23,079 [INFO] WebApp:491 - Direct internet connection detected
2025-06-28 11:55:23,162 [INFO] WebApp:894 - Register for checkConnection events
2025-06-28 11:55:23,162 [INFO] WebApp:463 - Apply proxy settings
2025-06-28 11:55:23,163 [INFO] WebApp:548 - Chromium requires no authentication
2025-06-28 11:55:23,163 [INFO] WebApp:491 - Direct internet connection detected
2025-06-28 11:55:23,590 [INFO] WebApp:225 - Starting web application
2025-06-28 11:55:23,590 [INFO] WebApp:593 - Web application path used C:\ST\STM32CubeIDE_1.18.1\STM32CubeIDE\plugins\com.st.stm32cube.common.mx_6.14.1.202504091515\db\plugins\mcufinder\reactClient1\index.html
2025-06-28 11:55:23,633 [INFO] WebApp:191 - Connection restablished
2025-06-28 11:55:23,937 [ERROR] LogOutputStream:75 - [STDERR_REDIRECT] 
2025-06-28 11:55:23,940 [ERROR] LogOutputStream:75 - [STDERR_REDIRECT] 
2025-06-28 11:56:20,861 [INFO] Activator:176 - 


2025-06-28 11:56:20,865 [INFO] Activator:177 - !SESSION log4j initialized
2025-06-28 11:56:24,524 [INFO] LogOutputStream:77 - [STDOUT_REDIRECT] 
2025-06-28 11:56:32,814 [INFO] ApplicationProperties:184 - Using Application install path: C:\ST\STM32CubeIDE_1.18.1\STM32CubeIDE\plugins\com.st.stm32cube.common.mx_6.14.1.202504091515
2025-06-28 11:56:32,830 [INFO] DbMcusXml:78 - Set database path to: C:\ST\STM32CubeIDE_1.18.1\STM32CubeIDE\plugins\com.st.stm32cube.common.mx_6.14.1.202504091515\\db\/mcu/
2025-06-28 11:56:32,830 [INFO] ApiDb:274 - Set plugin database path to: C:\ST\STM32CubeIDE_1.18.1\STM32CubeIDE\plugins\com.st.stm32cube.common.mx_6.14.1.202504091515\\db\/plugins/boardmanager/
2025-06-28 11:56:32,830 [WARN] ApiDb:259 - Overriding images path with different value:  => C:\ST\STM32CubeIDE_1.18.1\STM32CubeIDE\plugins\com.st.stm32cube.common.mx_6.14.1.202504091515\\db\/plugins/mcufinder/images/
2025-06-28 11:56:32,846 [INFO] ApiDb:250 - Set database path to: C:\Users\Cardinal\.stmcufinder\plugins\mcufinder//mcu/
2025-06-28 11:56:32,846 [INFO] DbMcusAds:125 - Set database path to: C:\Users\Cardinal\.stmcufinder\plugins\mcufinder//mcu/
2025-06-28 11:56:32,846 [INFO] CrossReferenceDbSqlite:203 - Set database path to: C:\Users\Cardinal\.stmcufinder\plugins\mcufinder//mcu/cs/
2025-06-28 11:56:33,011 [INFO] RulesReader:64 - Compatibility file has been processed (302 Rules)
2025-06-28 11:56:33,094 [INFO] DbMcusXml:78 - Set database path to: C:\ST\STM32CubeIDE_1.18.1\STM32CubeIDE\plugins\com.st.stm32cube.common.mx_6.14.1.202504091515\\db\/mcu/
2025-06-28 11:56:33,094 [INFO] ApiDb:274 - Set plugin database path to: C:\ST\STM32CubeIDE_1.18.1\STM32CubeIDE\plugins\com.st.stm32cube.common.mx_6.14.1.202504091515\\db\/plugins/boardmanager/
2025-06-28 11:56:33,094 [INFO] ApiDb:261 - Set plugin images path to: C:\ST\STM32CubeIDE_1.18.1\STM32CubeIDE\plugins\com.st.stm32cube.common.mx_6.14.1.202504091515\\db\/plugins/mcufinder/images/
2025-06-28 11:56:33,094 [WARN] DbFile:41 - Overriding database path with different value: C:\Users\Cardinal\.stmcufinder\plugins\mcufinder/ => C:\Users\Cardinal\.stmcufinder\plugins\mcufinder
2025-06-28 11:56:33,094 [INFO] ApiDb:250 - Set database path to: C:\Users\Cardinal\.stmcufinder\plugins\mcufinder//mcu/
2025-06-28 11:56:33,094 [WARN] DbFile:41 - Overriding database path with different value: C:\Users\Cardinal\.stmcufinder\plugins\mcufinder/ => C:\Users\Cardinal\.stmcufinder\plugins\mcufinder
2025-06-28 11:56:33,094 [INFO] DbMcusAds:125 - Set database path to: C:\Users\Cardinal\.stmcufinder\plugins\mcufinder//mcu/
2025-06-28 11:56:33,094 [WARN] DbFile:41 - Overriding database path with different value: C:\Users\Cardinal\.stmcufinder\plugins\mcufinder/ => C:\Users\Cardinal\.stmcufinder\plugins\mcufinder
2025-06-28 11:56:33,110 [WARN] DbFile:41 - Overriding database path with different value: C:\Users\Cardinal\.stmcufinder\plugins\mcufinder/ => C:\Users\Cardinal\.stmcufinder\plugins\mcufinder
2025-06-28 11:56:33,110 [INFO] CrossReferenceDbSqlite:203 - Set database path to: C:\Users\Cardinal\.stmcufinder\plugins\mcufinder//mcu/cs/
2025-06-28 11:56:33,193 [INFO] MainPanel:272 - HeapMemory: 268435456
2025-06-28 11:56:33,297 [INFO] DbMcusXml:78 - Set database path to: C:\ST\STM32CubeIDE_1.18.1\STM32CubeIDE\plugins\com.st.stm32cube.common.mx_6.14.1.202504091515\\db\/mcu/
2025-06-28 11:56:33,297 [INFO] ApiDb:274 - Set plugin database path to: C:\ST\STM32CubeIDE_1.18.1\STM32CubeIDE\plugins\com.st.stm32cube.common.mx_6.14.1.202504091515\\db\/plugins/boardmanager/
2025-06-28 11:56:33,297 [INFO] ApiDb:261 - Set plugin images path to: C:\ST\STM32CubeIDE_1.18.1\STM32CubeIDE\plugins\com.st.stm32cube.common.mx_6.14.1.202504091515\\db\/plugins/mcufinder/images/
2025-06-28 11:56:33,297 [WARN] DbFile:41 - Overriding database path with different value: C:\Users\Cardinal\.stmcufinder\plugins\mcufinder/ => C:\Users\Cardinal\.stmcufinder\plugins\mcufinder
2025-06-28 11:56:33,297 [INFO] ApiDb:250 - Set database path to: C:\Users\Cardinal\.stmcufinder\plugins\mcufinder//mcu/
2025-06-28 11:56:33,297 [WARN] DbFile:41 - Overriding database path with different value: C:\Users\Cardinal\.stmcufinder\plugins\mcufinder/ => C:\Users\Cardinal\.stmcufinder\plugins\mcufinder
2025-06-28 11:56:33,297 [INFO] DbMcusAds:125 - Set database path to: C:\Users\Cardinal\.stmcufinder\plugins\mcufinder//mcu/
2025-06-28 11:56:33,297 [WARN] DbFile:41 - Overriding database path with different value: C:\Users\Cardinal\.stmcufinder\plugins\mcufinder/ => C:\Users\Cardinal\.stmcufinder\plugins\mcufinder
2025-06-28 11:56:33,297 [WARN] DbFile:41 - Overriding database path with different value: C:\Users\Cardinal\.stmcufinder\plugins\mcufinder/ => C:\Users\Cardinal\.stmcufinder\plugins\mcufinder
2025-06-28 11:56:33,297 [INFO] CrossReferenceDbSqlite:203 - Set database path to: C:\Users\Cardinal\.stmcufinder\plugins\mcufinder//mcu/cs/
2025-06-28 11:56:33,307 [INFO] ApplicationProperties:184 - Using Application install path: C:\ST\STM32CubeIDE_1.18.1\STM32CubeIDE\plugins\com.st.stm32cube.common.mx_6.14.1.202504091515
2025-06-28 11:56:33,322 [INFO] PluginManage:196 - Search for loadable plugins [exclusion list=, ]
2025-06-28 11:56:33,322 [INFO] PluginManage:310 - Check plugin analytics
2025-06-28 11:56:38,142 [INFO] AnalyticsPlugin:253 - Accepted Software Licenses: 
2025-06-28 11:56:38,142 [INFO] AnalyticsPlugin:255 - Accepted CMSIS Pack Licenses: 
2025-06-28 11:56:38,142 [INFO] AnalyticsPlugin:257 - Accepted Firmware Licenses: 
2025-06-28 11:56:38,142 [INFO] PluginManage:359 - Loaded plugin analytics (category:tool,tabindex:-1)
2025-06-28 11:56:38,142 [INFO] PluginManage:310 - Check plugin cadmodel
2025-06-28 11:56:38,152 [INFO] CADModel:105 - Init CAD model plugin
2025-06-28 11:56:38,152 [INFO] PluginManage:359 - Loaded plugin cadmodel (category:power,tabindex:5)
2025-06-28 11:56:38,152 [INFO] PluginManage:310 - Check plugin clock
2025-06-28 11:56:38,167 [INFO] PluginManage:359 - Loaded plugin clock (category:base,tabindex:2)
2025-06-28 11:56:38,167 [INFO] PluginManage:310 - Check plugin ddr
2025-06-28 11:56:38,167 [INFO] PluginManage:359 - Loaded plugin ddr (category:tool,tabindex:6)
2025-06-28 11:56:38,167 [INFO] PluginManage:310 - Check plugin filemanager
2025-06-28 11:56:38,400 [INFO] PluginManage:359 - Loaded plugin filemanager (category:base,tabindex:10)
2025-06-28 11:56:38,400 [INFO] PluginManage:310 - Check plugin ipmanager
2025-06-28 11:56:38,400 [INFO] PluginManage:359 - Loaded plugin ipmanager (category:base,tabindex:5)
2025-06-28 11:56:38,400 [INFO] PluginManage:310 - Check plugin lpbam
2025-06-28 11:56:38,416 [INFO] PluginManage:359 - Loaded plugin lpbam (category:base,tabindex:0)
2025-06-28 11:56:38,416 [INFO] PluginManage:310 - Check plugin memorymap
2025-06-28 11:56:38,431 [INFO] PluginManage:359 - Loaded plugin memorymap (category:base,tabindex:4)
2025-06-28 11:56:38,431 [INFO] PluginManage:310 - Check plugin pinoutandconfiguration
2025-06-28 11:56:38,447 [INFO] PluginManage:359 - Loaded plugin pinoutandconfiguration (category:base,tabindex:1)
2025-06-28 11:56:38,447 [INFO] PluginManage:310 - Check plugin pinoutconfig
2025-06-28 11:56:38,575 [WARN] SupportedApi:132 - Cannot load RTOS API schema: s4s-elt-must-match.1: The content of 'definitions' must match (annotation?, (simpleType | complexType)?, (unique | key | keyref)*)). A problem was found starting at: attribute.
2025-06-28 11:56:38,730 [INFO] PluginManage:359 - Loaded plugin pinoutconfig (category:base,tabindex:0)
2025-06-28 11:56:38,730 [INFO] PluginManage:310 - Check plugin power
2025-06-28 11:56:38,757 [INFO] PluginManage:359 - Loaded plugin power (category:power,tabindex:4)
2025-06-28 11:56:38,757 [INFO] PluginManage:310 - Check plugin projectmanager
2025-06-28 11:56:38,765 [INFO] PluginManage:359 - Loaded plugin projectmanager (category:projectmanager,tabindex:4)
2025-06-28 11:56:38,780 [INFO] PluginManage:310 - Check plugin rif
2025-06-28 11:56:38,780 [INFO] PluginManage:359 - Loaded plugin rif (category:base,tabindex:3)
2025-06-28 11:56:38,780 [INFO] PluginManage:310 - Check plugin thirdparty
2025-06-28 11:56:38,920 [WARN] IntegrityCheckThread:84 - waiting for thirdparty lock release [integrity check]
2025-06-28 11:56:38,920 [INFO] IntegrityCheckThread:86 - entering critical section [integrity check]
2025-06-28 11:56:38,920 [INFO] ThirdPartyUpdaterWithRetryManager:70 - Updater plugin not ready yet. [1/15]
2025-06-28 11:56:38,920 [INFO] PluginManage:359 - Loaded plugin thirdparty (category:base,tabindex:-1)
2025-06-28 11:56:38,920 [INFO] PluginManage:310 - Check plugin tools
2025-06-28 11:56:38,920 [INFO] PluginManage:359 - Loaded plugin tools (category:base,tabindex:7)
2025-06-28 11:56:38,920 [INFO] PluginManage:310 - Check plugin tutovideos
2025-06-28 11:56:39,093 [INFO] PluginManage:359 - Loaded plugin tutovideos (category:base,tabindex:-1)
2025-06-28 11:56:39,093 [INFO] PluginManage:310 - Check plugin updater
2025-06-28 11:56:39,114 [INFO] PluginManage:359 - Loaded plugin updater (category:base,tabindex:12)
2025-06-28 11:56:39,114 [INFO] PluginManage:310 - Check plugin userauth
2025-06-28 11:56:39,130 [INFO] UserAuth:118 - Init User Auth plugin
2025-06-28 11:56:39,130 [INFO] PluginManage:359 - Loaded plugin userauth (category:base,tabindex:14)
2025-06-28 11:56:39,130 [INFO] PluginManage:283 - PluginManage : Loaded plugins [18]
2025-06-28 11:56:39,513 [INFO] PinOutPanel:1589 - setPackage(No Configuration,No Configuration)
2025-06-28 11:56:39,684 [INFO] CADModel:165 - CPN selected for project level
2025-06-28 11:56:39,684 [INFO] CADModel:114 - Register for checkConnection events
2025-06-28 11:56:39,694 [INFO] IPUIPlugin:80 - create IPUIPlugin
2025-06-28 11:56:39,694 [INFO] PluginManager:220 - loadIPPluginJar : add adc
2025-06-28 11:56:39,709 [INFO] IPUIPlugin:80 - create IPUIPlugin
2025-06-28 11:56:39,709 [INFO] PluginManager:220 - loadIPPluginJar : add aes
2025-06-28 11:56:39,709 [INFO] IPUIPlugin:80 - create IPUIPlugin
2025-06-28 11:56:39,709 [INFO] PluginManager:220 - loadIPPluginJar : add can
2025-06-28 11:56:39,709 [INFO] IPUIPlugin:80 - create IPUIPlugin
2025-06-28 11:56:39,709 [INFO] PluginManager:220 - loadIPPluginJar : add comp
2025-06-28 11:56:39,709 [INFO] IPUIPlugin:80 - create IPUIPlugin
2025-06-28 11:56:39,709 [INFO] PluginManager:220 - loadIPPluginJar : add cryp
2025-06-28 11:56:39,709 [INFO] IPUIPlugin:80 - create IPUIPlugin
2025-06-28 11:56:39,709 [INFO] PluginManager:220 - loadIPPluginJar : add ddr_ctrl_phy
2025-06-28 11:56:39,725 [INFO] IPUIPlugin:80 - create IPUIPlugin
2025-06-28 11:56:39,725 [INFO] PluginManager:220 - loadIPPluginJar : add dfsdm
2025-06-28 11:56:39,725 [INFO] IPUIPlugin:80 - create IPUIPlugin
2025-06-28 11:56:39,725 [INFO] PluginManager:220 - loadIPPluginJar : add dma
2025-06-28 11:56:39,725 [INFO] IPUIPlugin:80 - create IPUIPlugin
2025-06-28 11:56:39,725 [INFO] PluginManager:220 - loadIPPluginJar : add dma3
2025-06-28 11:56:39,725 [INFO] IPUIPlugin:80 - create IPUIPlugin
2025-06-28 11:56:39,725 [INFO] PluginManager:220 - loadIPPluginJar : add extmemmanager
2025-06-28 11:56:39,741 [INFO] IPUIPlugin:80 - create IPUIPlugin
2025-06-28 11:56:39,741 [INFO] PluginManager:220 - loadIPPluginJar : add fatfs
2025-06-28 11:56:39,751 [INFO] IPUIPlugin:80 - create IPUIPlugin
2025-06-28 11:56:39,751 [INFO] PluginManager:220 - loadIPPluginJar : add fmc
2025-06-28 11:56:39,751 [INFO] IPUIPlugin:80 - create IPUIPlugin
2025-06-28 11:56:39,751 [INFO] PluginManager:220 - loadIPPluginJar : add freertos
2025-06-28 11:56:39,751 [INFO] IPUIPlugin:80 - create IPUIPlugin
2025-06-28 11:56:39,751 [INFO] PluginManager:220 - loadIPPluginJar : add genericplugin
2025-06-28 11:56:39,751 [INFO] IPUIPlugin:80 - create IPUIPlugin
2025-06-28 11:56:39,751 [INFO] PluginManager:220 - loadIPPluginJar : add gfxmmu
2025-06-28 11:56:39,766 [INFO] IPUIPlugin:80 - create IPUIPlugin
2025-06-28 11:56:39,766 [INFO] PluginManager:220 - loadIPPluginJar : add gic
2025-06-28 11:56:39,766 [INFO] IPUIPlugin:80 - create IPUIPlugin
2025-06-28 11:56:39,766 [INFO] PluginManager:220 - loadIPPluginJar : add gpio
2025-06-28 11:56:39,766 [INFO] IPUIPlugin:80 - create IPUIPlugin
2025-06-28 11:56:39,766 [INFO] PluginManager:220 - loadIPPluginJar : add gtzc
2025-06-28 11:56:39,766 [INFO] IPUIPlugin:80 - create IPUIPlugin
2025-06-28 11:56:39,766 [INFO] PluginManager:220 - loadIPPluginJar : add hash
2025-06-28 11:56:39,782 [INFO] IPUIPlugin:80 - create IPUIPlugin
2025-06-28 11:56:39,782 [INFO] PluginManager:220 - loadIPPluginJar : add i2c
2025-06-28 11:56:39,782 [INFO] IPUIPlugin:80 - create IPUIPlugin
2025-06-28 11:56:39,782 [INFO] PluginManager:220 - loadIPPluginJar : add i2s
2025-06-28 11:56:39,782 [INFO] IPUIPlugin:80 - create IPUIPlugin
2025-06-28 11:56:39,782 [INFO] PluginManager:220 - loadIPPluginJar : add i3c
2025-06-28 11:56:39,792 [INFO] IPUIPlugin:80 - create IPUIPlugin
2025-06-28 11:56:39,792 [INFO] PluginManager:220 - loadIPPluginJar : add ipddr
2025-06-28 11:56:39,792 [INFO] IPUIPlugin:80 - create IPUIPlugin
2025-06-28 11:56:39,792 [INFO] PluginManager:220 - loadIPPluginJar : add linkedlist
2025-06-28 11:56:39,792 [INFO] IPUIPlugin:80 - create IPUIPlugin
2025-06-28 11:56:39,792 [INFO] PluginManager:220 - loadIPPluginJar : add lorawan
2025-06-28 11:56:39,792 [INFO] IPUIPlugin:80 - create IPUIPlugin
2025-06-28 11:56:39,792 [INFO] PluginManager:220 - loadIPPluginJar : add ltdc
2025-06-28 11:56:39,808 [INFO] IPUIPlugin:80 - create IPUIPlugin
2025-06-28 11:56:39,808 [INFO] PluginManager:220 - loadIPPluginJar : add mdma
2025-06-28 11:56:39,808 [INFO] IPUIPlugin:80 - create IPUIPlugin
2025-06-28 11:56:39,808 [INFO] PluginManager:220 - loadIPPluginJar : add nvic
2025-06-28 11:56:39,823 [INFO] IPUIPlugin:80 - create IPUIPlugin
2025-06-28 11:56:39,823 [INFO] PluginManager:220 - loadIPPluginJar : add opamp
2025-06-28 11:56:39,823 [INFO] IPUIPlugin:80 - create IPUIPlugin
2025-06-28 11:56:39,823 [INFO] PluginManager:220 - loadIPPluginJar : add openamp
2025-06-28 11:56:39,823 [INFO] IPUIPlugin:80 - create IPUIPlugin
2025-06-28 11:56:39,823 [INFO] PluginManager:220 - loadIPPluginJar : add pdm2pcm
2025-06-28 11:56:39,839 [INFO] IPUIPlugin:80 - create IPUIPlugin
2025-06-28 11:56:39,839 [INFO] PluginManager:220 - loadIPPluginJar : add plateformsettings
2025-06-28 11:56:39,839 [INFO] IPUIPlugin:80 - create IPUIPlugin
2025-06-28 11:56:39,839 [INFO] PluginManager:220 - loadIPPluginJar : add quadspi
2025-06-28 11:56:39,839 [INFO] IPUIPlugin:80 - create IPUIPlugin
2025-06-28 11:56:39,839 [INFO] PluginManager:220 - loadIPPluginJar : add radio
2025-06-28 11:56:39,849 [INFO] IPUIPlugin:80 - create IPUIPlugin
2025-06-28 11:56:39,849 [INFO] PluginManager:220 - loadIPPluginJar : add resmgrutility
2025-06-28 11:56:39,849 [INFO] IPUIPlugin:80 - create IPUIPlugin
2025-06-28 11:56:39,849 [INFO] PluginManager:220 - loadIPPluginJar : add sai
2025-06-28 11:56:39,849 [INFO] IPUIPlugin:80 - create IPUIPlugin
2025-06-28 11:56:39,849 [INFO] PluginManager:220 - loadIPPluginJar : add spi
2025-06-28 11:56:39,865 [INFO] IPUIPlugin:80 - create IPUIPlugin
2025-06-28 11:56:39,865 [INFO] PluginManager:220 - loadIPPluginJar : add stm32_wpan
2025-06-28 11:56:39,865 [INFO] IPUIPlugin:80 - create IPUIPlugin
2025-06-28 11:56:39,865 [INFO] PluginManager:220 - loadIPPluginJar : add tim
2025-06-28 11:56:39,865 [INFO] IPUIPlugin:80 - create IPUIPlugin
2025-06-28 11:56:39,865 [INFO] PluginManager:220 - loadIPPluginJar : add touchsensing
2025-06-28 11:56:39,865 [INFO] IPUIPlugin:80 - create IPUIPlugin
2025-06-28 11:56:39,865 [INFO] PluginManager:220 - loadIPPluginJar : add tracer_emb
2025-06-28 11:56:39,865 [INFO] IPUIPlugin:80 - create IPUIPlugin
2025-06-28 11:56:39,865 [INFO] PluginManager:220 - loadIPPluginJar : add ts
2025-06-28 11:56:39,865 [INFO] IPUIPlugin:80 - create IPUIPlugin
2025-06-28 11:56:39,865 [INFO] PluginManager:220 - loadIPPluginJar : add tsc
2025-06-28 11:56:39,880 [INFO] IPUIPlugin:80 - create IPUIPlugin
2025-06-28 11:56:39,880 [INFO] PluginManager:220 - loadIPPluginJar : add ucpd
2025-06-28 11:56:39,880 [INFO] IPUIPlugin:80 - create IPUIPlugin
2025-06-28 11:56:39,880 [INFO] PluginManager:220 - loadIPPluginJar : add usart
2025-06-28 11:56:39,880 [INFO] IPUIPlugin:80 - create IPUIPlugin
2025-06-28 11:56:39,880 [INFO] PluginManager:220 - loadIPPluginJar : add usbx
2025-06-28 11:56:40,044 [FATAL] Updater:351 - Updater called before beeing initialized
2025-06-28 11:56:40,109 [INFO] RulesReader:64 - Compatibility file has been processed (302 Rules)
2025-06-28 11:56:40,125 [INFO] RulesReader:64 - Compatibility file has been processed (302 Rules)
2025-06-28 11:56:40,141 [INFO] CADModel:165 - CPN selected for project level
2025-06-28 11:56:40,141 [INFO] CADModel:114 - Register for checkConnection events
2025-06-28 11:56:40,141 [FATAL] Updater:351 - Updater called before beeing initialized
2025-06-28 11:56:40,141 [ERROR] CADModel:125 - Updater not yet initialized, retry later 
2025-06-28 11:56:40,335 [FATAL] Updater:351 - Updater called before beeing initialized
2025-06-28 11:56:40,340 [INFO] CADModel:165 - CPN selected for project level
2025-06-28 11:56:40,340 [INFO] CADModel:114 - Register for checkConnection events
2025-06-28 11:56:40,340 [FATAL] Updater:351 - Updater called before beeing initialized
2025-06-28 11:56:40,340 [ERROR] CADModel:125 - Updater not yet initialized, retry later 
2025-06-28 11:56:40,340 [FATAL] Updater:351 - Updater called before beeing initialized
2025-06-28 11:56:40,584 [FATAL] Updater:351 - Updater called before beeing initialized
2025-06-28 11:56:40,594 [INFO] DbMcusAds:53 - JSON generation date=Thu Sep 30 03:55:09 BRT 2021 (1632984909247)
2025-06-28 11:56:40,594 [FATAL] Updater:351 - Updater called before beeing initialized
2025-06-28 11:56:40,641 [WARN] DetailPanel:346 - Failed to get advertising image, set to default
2025-06-28 11:56:41,045 [FATAL] Updater:351 - Updater called before beeing initialized
2025-06-28 11:56:41,060 [FATAL] Updater:351 - Updater called before beeing initialized
2025-06-28 11:56:41,060 [FATAL] Updater:351 - Updater called before beeing initialized
2025-06-28 11:56:41,060 [WARN] DetailPanel:346 - Failed to get advertising image, set to default
2025-06-28 11:56:41,060 [FATAL] Updater:351 - Updater called before beeing initialized
2025-06-28 11:56:41,117 [ERROR] Updater:1198 - MainUpdater not yet initialized. External WinMGr cannot be set.
2025-06-28 11:56:41,117 [INFO] Updater:1134 - Updater Version found : 6.14.1
2025-06-28 11:56:41,143 [INFO] ApplicationProperties:184 - Using Application install path: C:\ST\STM32CubeIDE_1.18.1\STM32CubeIDE\plugins\com.st.stm32cube.common.mx_6.14.1.202504091515
2025-06-28 11:56:41,933 [INFO] ThirdPartyUpdaterWithRetryManager:70 - Updater plugin not ready yet. [2/15]
2025-06-28 11:56:42,730 [ERROR] LogOutputStream:75 - [STDERR_REDIRECT] Jun 28, 2025 11:56:42 AM java.util.prefs.WindowsPreferences <init>
2025-06-28 11:56:42,732 [ERROR] LogOutputStream:75 - [STDERR_REDIRECT] WARNING: Could not open/create prefs root node Software\JavaSoft\Prefs at root 0xffffffff80000002. Windows RegCreateKeyEx(...) returned error code 5.
2025-06-28 11:56:42,733 [ERROR] LogOutputStream:75 - [STDERR_REDIRECT] 
2025-06-28 11:56:42,984 [INFO] MainUpdater:2872 - connection check result : 10
2025-06-28 11:56:42,985 [INFO] MainUpdater:289 - Updater Check For Update Now.
2025-06-28 11:56:42,985 [INFO] MicroXplorer:498 - Change Database Version : DB.6.0.141
2025-06-28 11:56:42,993 [INFO] McuFinderGlobals:63 - Set McuFinder mode to 2 (CubeIDE integrated)
2025-06-28 11:56:42,993 [INFO] UserAuth:171 - activating auth plugin
2025-06-28 11:56:43,003 [INFO] UserAuth:484 - Internet connection configuration mode: 1
2025-06-28 11:56:43,039 [INFO] JxBrowserEngine:152 - Initiate JxBrowser Engine with user profile folder
2025-06-28 11:56:43,274 [INFO] CheckServerUpdateThread:120 - End of CheckServer Thread
2025-06-28 11:56:44,007 [INFO] WebApp:169 - Instantiating new browser for Auth
2025-06-28 11:56:45,055 [INFO] WebApp:463 - Apply proxy settings
2025-06-28 11:56:45,056 [INFO] WebApp:548 - Chromium requires no authentication
2025-06-28 11:56:45,067 [INFO] WebApp:491 - Direct internet connection detected
2025-06-28 11:56:45,136 [INFO] WebApp:894 - Register for checkConnection events
2025-06-28 11:56:45,137 [INFO] WebApp:463 - Apply proxy settings
2025-06-28 11:56:45,137 [INFO] WebApp:548 - Chromium requires no authentication
2025-06-28 11:56:45,137 [INFO] WebApp:491 - Direct internet connection detected
2025-06-28 11:56:45,280 [WARN] PackLoader:240 - Cannot read IP mode file for STMicroelectronics.FP-SNS-MOTENVWB1.1.4.0
2025-06-28 11:56:45,298 [WARN] PackLoader:240 - Cannot read IP mode file for STMicroelectronics.X-CUBE-SMBUS.2.1.0
2025-06-28 11:56:45,386 [WARN] PackLoader:240 - Cannot read IP mode file for STMicroelectronics.X-CUBE-AZRTOS-F7.1.1.0
2025-06-28 11:56:45,424 [WARN] PackLoader:240 - Cannot read IP mode file for STMicroelectronics.X-CUBE-DISPLAY.3.0.0
2025-06-28 11:56:45,445 [WARN] PackLoader:240 - Cannot read IP mode file for STMicroelectronics.X-CUBE-NFC10.1.0.0
2025-06-28 11:56:45,468 [WARN] PackLoader:240 - Cannot read IP mode file for STMicroelectronics.X-CUBE-BLEMGR.4.0.0
2025-06-28 11:56:45,482 [WARN] PackLoader:240 - Cannot read IP mode file for STMicroelectronics.FP-SNS-SMARTAG2.1.2.0
2025-06-28 11:56:45,499 [INFO] LogOutputStream:77 - [STDOUT_REDIRECT] 1 : Invalid condition id : UX_CORESTACK_Condition cause : null
2025-06-28 11:56:45,500 [INFO] LogOutputStream:77 - [STDOUT_REDIRECT] 1 : Invalid condition id : UX_CORESTACK_Condition cause : null
2025-06-28 11:56:45,503 [INFO] LogOutputStream:77 - [STDOUT_REDIRECT] 1 : Invalid condition id : UX_CORESTACK_Condition cause : null
2025-06-28 11:56:45,505 [INFO] LogOutputStream:77 - [STDOUT_REDIRECT] 1 : Invalid condition id : UX_CORESTACK_Condition cause : null
2025-06-28 11:56:45,507 [INFO] LogOutputStream:77 - [STDOUT_REDIRECT] 1 : Invalid condition id : UX_CORESTACK_Condition cause : null
2025-06-28 11:56:45,519 [WARN] PackLoader:240 - Cannot read IP mode file for STMicroelectronics.X-CUBE-AZRTOS-WL.2.0.0
2025-06-28 11:56:45,536 [WARN] PackLoader:240 - Cannot read IP mode file for STMicroelectronics.FP-SNS-MOTENV1.5.0.0
2025-06-28 11:56:45,550 [WARN] PackLoader:240 - Cannot read IP mode file for STMicroelectronics.X-CUBE-BLE2.3.3.0
2025-06-28 11:56:45,560 [WARN] PackLoader:240 - Cannot read IP mode file for STMicroelectronics.X-CUBE-NFC9.1.0.0
2025-06-28 11:56:45,566 [INFO] WebApp:225 - Starting web application
2025-06-28 11:56:45,566 [INFO] WebApp:593 - Web application path used C:\ST\STM32CubeIDE_1.18.1\STM32CubeIDE\plugins\com.st.stm32cube.common.mx_6.14.1.202504091515\db\plugins\mcufinder\reactClient1\index.html
2025-06-28 11:56:45,590 [WARN] PackLoader:240 - Cannot read IP mode file for STMicroelectronics.X-CUBE-AZRTOS-G0.1.1.0
2025-06-28 11:56:45,607 [WARN] PackLoader:240 - Cannot read IP mode file for STMicroelectronics.X-CUBE-SAFEA1.1.2.2
2025-06-28 11:56:45,659 [WARN] PackLoader:240 - Cannot read IP mode file for STMicroelectronics.X-CUBE-NFC4.3.0.0
2025-06-28 11:56:45,685 [WARN] PackLoader:240 - Cannot read IP mode file for STMicroelectronics.X-CUBE-TCPP.4.2.0
2025-06-28 11:56:45,694 [WARN] PackLoader:240 - Cannot read IP mode file for STMicroelectronics.FP-ATR-SIGFOX1.3.2.0
2025-06-28 11:56:45,707 [WARN] PackLoader:240 - Cannot read IP mode file for STMicroelectronics.X-CUBE-EEPRMA1.5.1.0
2025-06-28 11:56:45,724 [WARN] PackLoader:240 - Cannot read IP mode file for STMicroelectronics.X-CUBE-ALGOBUILD.1.4.0
2025-06-28 11:56:45,827 [WARN] PackLoader:240 - Cannot read IP mode file for STMicroelectronics.X-CUBE-AZRTOS-F4.1.1.0
2025-06-28 11:56:45,840 [WARN] PackLoader:240 - Cannot read IP mode file for STMicroelectronics.X-CUBE-ISPU.2.1.0
2025-06-28 11:56:45,892 [WARN] PackLoader:240 - Cannot read IP mode file for STMicroelectronics.X-CUBE-AZRTOS-L5.2.0.0
2025-06-28 11:56:45,909 [WARN] PackLoader:240 - Cannot read IP mode file for STMicroelectronics.X-CUBE-NFC6.3.1.0
2025-06-28 11:56:45,955 [WARN] ConditionMgr:438 - getConditionDescription Invalid condition id : LAN8742 Phy interface Condition cause : null
2025-06-28 11:56:45,958 [WARN] PackLoader:240 - Cannot read IP mode file for STMicroelectronics.X-CUBE-AZRTOS-L4.2.0.0
2025-06-28 11:56:45,961 [WARN] ConditionMgr:1044 - genDependencies : Invalid condition id : LAN8742 Phy interface Condition cause : null
2025-06-28 11:56:45,961 [WARN] ConditionMgr:1044 - genDependencies : Invalid condition id : LAN8742 Phy interface Condition cause : null
2025-06-28 11:56:45,963 [WARN] ConditionMgr:1044 - genDependencies : Invalid condition id : LAN8742 Phy interface Condition cause : null
2025-06-28 11:56:45,982 [WARN] PackLoader:240 - Cannot read IP mode file for STMicroelectronics.X-CUBE-SFXS2LP1.4.0.0
2025-06-28 11:56:46,048 [WARN] PackLoader:240 - Cannot read IP mode file for STMicroelectronics.X-CUBE-AZRTOS-H7.3.3.0
2025-06-28 11:56:46,077 [WARN] ConditionMgr:438 - getConditionDescription Invalid condition id : UX DEVICE CLASS RTOS Condition cause : null
2025-06-28 11:56:46,077 [WARN] ConditionMgr:438 - getConditionDescription Invalid condition id : UX DEVICE CLASS RTOS Condition cause : null
2025-06-28 11:56:46,080 [WARN] PackLoader:240 - Cannot read IP mode file for STMicroelectronics.X-CUBE-AZRTOS-WB.2.0.0
2025-06-28 11:56:46,082 [WARN] ConditionMgr:1044 - genDependencies : Invalid condition id : UX DEVICE CLASS RTOS Condition cause : null
2025-06-28 11:56:46,083 [WARN] ConditionMgr:1044 - genDependencies : Invalid condition id : UX DEVICE CLASS RTOS Condition cause : null
2025-06-28 11:56:46,084 [WARN] ConditionMgr:1044 - genDependencies : Invalid condition id : UX DEVICE CLASS RTOS Condition cause : null
2025-06-28 11:56:46,084 [WARN] ConditionMgr:1044 - genDependencies : Invalid condition id : UX DEVICE CLASS RTOS Condition cause : null
2025-06-28 11:56:46,084 [WARN] ConditionMgr:1044 - genDependencies : Invalid condition id : UX DEVICE CLASS RTOS Condition cause : null
2025-06-28 11:56:46,092 [WARN] PackLoader:240 - Cannot read IP mode file for STMicroelectronics.X-CUBE-GNSS1.7.0.1
2025-06-28 11:56:46,105 [WARN] PackLoader:240 - Cannot read IP mode file for STMicroelectronics.FP-SNS-STBOX1.2.0.0
2025-06-28 11:56:46,126 [WARN] PackLoader:240 - Cannot read IP mode file for STMicroelectronics.X-CUBE-SUBG2.5.0.0
2025-06-28 11:56:46,159 [WARN] PackLoader:240 - Cannot read IP mode file for STMicroelectronics.X-CUBE-AZRTOS-G4.2.0.0
2025-06-28 11:56:46,197 [WARN] PackLoader:240 - Cannot read IP mode file for STMicroelectronics.X-CUBE-IPS.3.1.0
2025-06-28 11:56:46,216 [WARN] PackLoader:240 - Cannot read IP mode file for STMicroelectronics.X-CUBE-ALS.1.0.2
2025-06-28 11:56:46,218 [INFO] ThirdParty:978 - Integrity check success = true
2025-06-28 11:56:46,218 [INFO] IntegrityCheckThread:100 - exiting critical section [integrity check]
2025-06-28 11:56:46,218 [INFO] IntegrityCheckThread:103 - End integrity checks thread
2025-06-28 11:56:46,440 [INFO] WebApp:191 - Connection restablished
2025-06-28 12:02:15,698 [ERROR] LogOutputStream:75 - [STDERR_REDIRECT] 
2025-06-28 12:02:15,708 [ERROR] LogOutputStream:75 - [STDERR_REDIRECT] 
