2026-01-29 16:41:02,710 [INFO] Activator:176 - 


2026-01-29 16:41:02,721 [INFO] Activator:177 - !SESSION log4j initialized
2026-01-29 16:41:06,473 [INFO] LogOutputStream:77 - [STDOUT_REDIRECT] 
2026-01-29 16:41:07,267 [ERROR] ConfigurationRetriever:142 - IOException on connection: sw-center.st.com
2026-01-29 16:41:07,269 [ERROR] ConfigurationRetriever:142 - IOException on connection: sw-center.st.com
2026-01-29 16:41:07,270 [ERROR] ConfigurationRetriever:142 - IOException on connection: sw-center.st.com
2026-01-29 16:41:11,581 [INFO] ApplicationProperties:184 - Using Application install path: C:\ST\STM32CubeIDE_1.18.1\STM32CubeIDE\plugins\com.st.stm32cube.common.mx_6.14.1.202504091515
2026-01-29 16:41:11,609 [INFO] DbMcusXml:78 - Set database path to: C:\ST\STM32CubeIDE_1.18.1\STM32CubeIDE\plugins\com.st.stm32cube.common.mx_6.14.1.202504091515\\db\/mcu/
2026-01-29 16:41:11,609 [INFO] ApiDb:274 - Set plugin database path to: C:\ST\STM32CubeIDE_1.18.1\STM32CubeIDE\plugins\com.st.stm32cube.common.mx_6.14.1.202504091515\\db\/plugins/boardmanager/
2026-01-29 16:41:11,610 [WARN] ApiDb:259 - Overriding images path with different value:  => C:\ST\STM32CubeIDE_1.18.1\STM32CubeIDE\plugins\com.st.stm32cube.common.mx_6.14.1.202504091515\\db\/plugins/mcufinder/images/
2026-01-29 16:41:11,622 [INFO] ApiDb:250 - Set database path to: C:\Users\Cardinal\.stmcufinder\plugins\mcufinder//mcu/
2026-01-29 16:41:11,624 [INFO] DbMcusAds:125 - Set database path to: C:\Users\Cardinal\.stmcufinder\plugins\mcufinder//mcu/
2026-01-29 16:41:11,627 [INFO] CrossReferenceDbSqlite:203 - Set database path to: C:\Users\Cardinal\.stmcufinder\plugins\mcufinder//mcu/cs/
2026-01-29 16:41:11,820 [INFO] RulesReader:64 - Compatibility file has been processed (302 Rules)
2026-01-29 16:41:11,999 [INFO] DbMcusXml:78 - Set database path to: C:\ST\STM32CubeIDE_1.18.1\STM32CubeIDE\plugins\com.st.stm32cube.common.mx_6.14.1.202504091515\\db\/mcu/
2026-01-29 16:41:12,000 [INFO] ApiDb:274 - Set plugin database path to: C:\ST\STM32CubeIDE_1.18.1\STM32CubeIDE\plugins\com.st.stm32cube.common.mx_6.14.1.202504091515\\db\/plugins/boardmanager/
2026-01-29 16:41:12,000 [INFO] ApiDb:261 - Set plugin images path to: C:\ST\STM32CubeIDE_1.18.1\STM32CubeIDE\plugins\com.st.stm32cube.common.mx_6.14.1.202504091515\\db\/plugins/mcufinder/images/
2026-01-29 16:41:12,000 [WARN] DbFile:41 - Overriding database path with different value: C:\Users\Cardinal\.stmcufinder\plugins\mcufinder/ => C:\Users\Cardinal\.stmcufinder\plugins\mcufinder
2026-01-29 16:41:12,001 [INFO] ApiDb:250 - Set database path to: C:\Users\Cardinal\.stmcufinder\plugins\mcufinder//mcu/
2026-01-29 16:41:12,001 [WARN] DbFile:41 - Overriding database path with different value: C:\Users\Cardinal\.stmcufinder\plugins\mcufinder/ => C:\Users\Cardinal\.stmcufinder\plugins\mcufinder
2026-01-29 16:41:12,001 [INFO] DbMcusAds:125 - Set database path to: C:\Users\Cardinal\.stmcufinder\plugins\mcufinder//mcu/
2026-01-29 16:41:12,001 [WARN] DbFile:41 - Overriding database path with different value: C:\Users\Cardinal\.stmcufinder\plugins\mcufinder/ => C:\Users\Cardinal\.stmcufinder\plugins\mcufinder
2026-01-29 16:41:12,001 [WARN] DbFile:41 - Overriding database path with different value: C:\Users\Cardinal\.stmcufinder\plugins\mcufinder/ => C:\Users\Cardinal\.stmcufinder\plugins\mcufinder
2026-01-29 16:41:12,002 [INFO] CrossReferenceDbSqlite:203 - Set database path to: C:\Users\Cardinal\.stmcufinder\plugins\mcufinder//mcu/cs/
2026-01-29 16:41:12,169 [INFO] MainPanel:272 - HeapMemory: 268435456
2026-01-29 16:41:12,363 [INFO] DbMcusXml:78 - Set database path to: C:\ST\STM32CubeIDE_1.18.1\STM32CubeIDE\plugins\com.st.stm32cube.common.mx_6.14.1.202504091515\\db\/mcu/
2026-01-29 16:41:12,364 [INFO] ApiDb:274 - Set plugin database path to: C:\ST\STM32CubeIDE_1.18.1\STM32CubeIDE\plugins\com.st.stm32cube.common.mx_6.14.1.202504091515\\db\/plugins/boardmanager/
2026-01-29 16:41:12,364 [INFO] ApiDb:261 - Set plugin images path to: C:\ST\STM32CubeIDE_1.18.1\STM32CubeIDE\plugins\com.st.stm32cube.common.mx_6.14.1.202504091515\\db\/plugins/mcufinder/images/
2026-01-29 16:41:12,364 [WARN] DbFile:41 - Overriding database path with different value: C:\Users\Cardinal\.stmcufinder\plugins\mcufinder/ => C:\Users\Cardinal\.stmcufinder\plugins\mcufinder
2026-01-29 16:41:12,365 [INFO] ApiDb:250 - Set database path to: C:\Users\Cardinal\.stmcufinder\plugins\mcufinder//mcu/
2026-01-29 16:41:12,365 [WARN] DbFile:41 - Overriding database path with different value: C:\Users\Cardinal\.stmcufinder\plugins\mcufinder/ => C:\Users\Cardinal\.stmcufinder\plugins\mcufinder
2026-01-29 16:41:12,365 [INFO] DbMcusAds:125 - Set database path to: C:\Users\Cardinal\.stmcufinder\plugins\mcufinder//mcu/
2026-01-29 16:41:12,365 [WARN] DbFile:41 - Overriding database path with different value: C:\Users\Cardinal\.stmcufinder\plugins\mcufinder/ => C:\Users\Cardinal\.stmcufinder\plugins\mcufinder
2026-01-29 16:41:12,365 [WARN] DbFile:41 - Overriding database path with different value: C:\Users\Cardinal\.stmcufinder\plugins\mcufinder/ => C:\Users\Cardinal\.stmcufinder\plugins\mcufinder
2026-01-29 16:41:12,366 [INFO] CrossReferenceDbSqlite:203 - Set database path to: C:\Users\Cardinal\.stmcufinder\plugins\mcufinder//mcu/cs/
2026-01-29 16:41:12,399 [INFO] ApplicationProperties:184 - Using Application install path: C:\ST\STM32CubeIDE_1.18.1\STM32CubeIDE\plugins\com.st.stm32cube.common.mx_6.14.1.202504091515
2026-01-29 16:41:12,401 [INFO] PluginManage:196 - Search for loadable plugins [exclusion list=, ]
2026-01-29 16:41:12,404 [INFO] PluginManage:310 - Check plugin analytics
2026-01-29 16:41:12,779 [INFO] AnalyticsPlugin:253 - Accepted Software Licenses: STM32CubeMX.6.14.1
2026-01-29 16:41:12,780 [INFO] AnalyticsPlugin:255 - Accepted CMSIS Pack Licenses: 
2026-01-29 16:41:12,780 [INFO] AnalyticsPlugin:257 - Accepted Firmware Licenses: 
2026-01-29 16:41:12,784 [INFO] PluginManage:359 - Loaded plugin analytics (category:tool,tabindex:-1)
2026-01-29 16:41:12,785 [INFO] PluginManage:310 - Check plugin cadmodel
2026-01-29 16:41:12,790 [ERROR] ConfigurationRetriever:142 - IOException on connection: sw-center.st.com
2026-01-29 16:41:12,793 [ERROR] ConfigurationRetriever:142 - IOException on connection: sw-center.st.com
2026-01-29 16:41:12,797 [ERROR] ConfigurationRetriever:142 - IOException on connection: sw-center.st.com
2026-01-29 16:41:12,798 [INFO] CADModel:105 - Init CAD model plugin
2026-01-29 16:41:12,798 [INFO] PluginManage:359 - Loaded plugin cadmodel (category:power,tabindex:5)
2026-01-29 16:41:12,799 [INFO] PluginManage:310 - Check plugin clock
2026-01-29 16:41:12,822 [INFO] PluginManage:359 - Loaded plugin clock (category:base,tabindex:2)
2026-01-29 16:41:12,822 [INFO] PluginManage:310 - Check plugin ddr
2026-01-29 16:41:12,828 [INFO] PluginManage:359 - Loaded plugin ddr (category:tool,tabindex:6)
2026-01-29 16:41:12,829 [INFO] PluginManage:310 - Check plugin filemanager
2026-01-29 16:41:13,089 [INFO] PluginManage:359 - Loaded plugin filemanager (category:base,tabindex:10)
2026-01-29 16:41:13,090 [INFO] PluginManage:310 - Check plugin ipmanager
2026-01-29 16:41:13,101 [INFO] PluginManage:359 - Loaded plugin ipmanager (category:base,tabindex:5)
2026-01-29 16:41:13,102 [INFO] PluginManage:310 - Check plugin lpbam
2026-01-29 16:41:13,116 [INFO] PluginManage:359 - Loaded plugin lpbam (category:base,tabindex:0)
2026-01-29 16:41:13,116 [INFO] PluginManage:310 - Check plugin memorymap
2026-01-29 16:41:13,147 [INFO] PluginManage:359 - Loaded plugin memorymap (category:base,tabindex:4)
2026-01-29 16:41:13,148 [INFO] PluginManage:310 - Check plugin pinoutandconfiguration
2026-01-29 16:41:13,164 [INFO] PluginManage:359 - Loaded plugin pinoutandconfiguration (category:base,tabindex:1)
2026-01-29 16:41:13,164 [INFO] PluginManage:310 - Check plugin pinoutconfig
2026-01-29 16:41:13,307 [WARN] SupportedApi:132 - Cannot load RTOS API schema: s4s-elt-must-match.1: The content of 'definitions' must match (annotation?, (simpleType | complexType)?, (unique | key | keyref)*)). A problem was found starting at: attribute.
2026-01-29 16:41:13,625 [INFO] PluginManage:359 - Loaded plugin pinoutconfig (category:base,tabindex:0)
2026-01-29 16:41:13,625 [INFO] PluginManage:310 - Check plugin power
2026-01-29 16:41:13,645 [INFO] PluginManage:359 - Loaded plugin power (category:power,tabindex:4)
2026-01-29 16:41:13,645 [INFO] PluginManage:310 - Check plugin projectmanager
2026-01-29 16:41:13,678 [INFO] PluginManage:359 - Loaded plugin projectmanager (category:projectmanager,tabindex:4)
2026-01-29 16:41:13,680 [INFO] PluginManage:310 - Check plugin rif
2026-01-29 16:41:13,694 [INFO] PluginManage:359 - Loaded plugin rif (category:base,tabindex:3)
2026-01-29 16:41:13,695 [INFO] PluginManage:310 - Check plugin thirdparty
2026-01-29 16:41:13,950 [INFO] PluginManage:359 - Loaded plugin thirdparty (category:base,tabindex:-1)
2026-01-29 16:41:13,952 [INFO] PluginManage:310 - Check plugin tools
2026-01-29 16:41:13,951 [WARN] IntegrityCheckThread:84 - waiting for thirdparty lock release [integrity check]
2026-01-29 16:41:13,953 [INFO] IntegrityCheckThread:86 - entering critical section [integrity check]
2026-01-29 16:41:13,953 [INFO] ThirdPartyUpdaterWithRetryManager:70 - Updater plugin not ready yet. [1/15]
2026-01-29 16:41:13,956 [INFO] PluginManage:359 - Loaded plugin tools (category:base,tabindex:7)
2026-01-29 16:41:13,956 [INFO] PluginManage:310 - Check plugin tutovideos
2026-01-29 16:41:14,340 [INFO] PluginManage:359 - Loaded plugin tutovideos (category:base,tabindex:-1)
2026-01-29 16:41:14,341 [INFO] PluginManage:310 - Check plugin updater
2026-01-29 16:41:14,384 [INFO] PluginManage:359 - Loaded plugin updater (category:base,tabindex:12)
2026-01-29 16:41:14,384 [INFO] PluginManage:310 - Check plugin userauth
2026-01-29 16:41:14,392 [INFO] UserAuth:118 - Init User Auth plugin
2026-01-29 16:41:14,394 [INFO] PluginManage:359 - Loaded plugin userauth (category:base,tabindex:14)
2026-01-29 16:41:14,397 [INFO] PluginManage:283 - PluginManage : Loaded plugins [18]
2026-01-29 16:41:14,779 [INFO] PinOutPanel:1589 - setPackage(No Configuration,No Configuration)
2026-01-29 16:41:14,935 [INFO] CADModel:165 - CPN selected for project level
2026-01-29 16:41:14,935 [INFO] CADModel:114 - Register for checkConnection events
2026-01-29 16:41:14,963 [INFO] IPUIPlugin:80 - create IPUIPlugin
2026-01-29 16:41:14,963 [INFO] PluginManager:220 - loadIPPluginJar : add adc
2026-01-29 16:41:14,967 [INFO] IPUIPlugin:80 - create IPUIPlugin
2026-01-29 16:41:14,967 [INFO] PluginManager:220 - loadIPPluginJar : add aes
2026-01-29 16:41:14,972 [INFO] IPUIPlugin:80 - create IPUIPlugin
2026-01-29 16:41:14,972 [INFO] PluginManager:220 - loadIPPluginJar : add can
2026-01-29 16:41:14,975 [INFO] IPUIPlugin:80 - create IPUIPlugin
2026-01-29 16:41:14,975 [INFO] PluginManager:220 - loadIPPluginJar : add comp
2026-01-29 16:41:14,979 [INFO] IPUIPlugin:80 - create IPUIPlugin
2026-01-29 16:41:14,979 [INFO] PluginManager:220 - loadIPPluginJar : add cryp
2026-01-29 16:41:14,985 [INFO] IPUIPlugin:80 - create IPUIPlugin
2026-01-29 16:41:14,985 [INFO] PluginManager:220 - loadIPPluginJar : add ddr_ctrl_phy
2026-01-29 16:41:14,989 [INFO] IPUIPlugin:80 - create IPUIPlugin
2026-01-29 16:41:14,990 [INFO] PluginManager:220 - loadIPPluginJar : add dfsdm
2026-01-29 16:41:14,998 [INFO] IPUIPlugin:80 - create IPUIPlugin
2026-01-29 16:41:14,999 [INFO] PluginManager:220 - loadIPPluginJar : add dma
2026-01-29 16:41:15,003 [INFO] IPUIPlugin:80 - create IPUIPlugin
2026-01-29 16:41:15,003 [INFO] PluginManager:220 - loadIPPluginJar : add dma3
2026-01-29 16:41:15,010 [INFO] IPUIPlugin:80 - create IPUIPlugin
2026-01-29 16:41:15,010 [INFO] PluginManager:220 - loadIPPluginJar : add extmemmanager
2026-01-29 16:41:15,016 [INFO] IPUIPlugin:80 - create IPUIPlugin
2026-01-29 16:41:15,016 [INFO] PluginManager:220 - loadIPPluginJar : add fatfs
2026-01-29 16:41:15,030 [INFO] IPUIPlugin:80 - create IPUIPlugin
2026-01-29 16:41:15,031 [INFO] PluginManager:220 - loadIPPluginJar : add fmc
2026-01-29 16:41:15,047 [INFO] IPUIPlugin:80 - create IPUIPlugin
2026-01-29 16:41:15,048 [INFO] PluginManager:220 - loadIPPluginJar : add freertos
2026-01-29 16:41:15,052 [INFO] IPUIPlugin:80 - create IPUIPlugin
2026-01-29 16:41:15,052 [INFO] PluginManager:220 - loadIPPluginJar : add genericplugin
2026-01-29 16:41:15,057 [INFO] IPUIPlugin:80 - create IPUIPlugin
2026-01-29 16:41:15,057 [INFO] PluginManager:220 - loadIPPluginJar : add gfxmmu
2026-01-29 16:41:15,067 [INFO] IPUIPlugin:80 - create IPUIPlugin
2026-01-29 16:41:15,067 [INFO] PluginManager:220 - loadIPPluginJar : add gic
2026-01-29 16:41:15,076 [INFO] IPUIPlugin:80 - create IPUIPlugin
2026-01-29 16:41:15,076 [INFO] PluginManager:220 - loadIPPluginJar : add gpio
2026-01-29 16:41:15,084 [INFO] IPUIPlugin:80 - create IPUIPlugin
2026-01-29 16:41:15,085 [INFO] PluginManager:220 - loadIPPluginJar : add gtzc
2026-01-29 16:41:15,091 [INFO] IPUIPlugin:80 - create IPUIPlugin
2026-01-29 16:41:15,092 [INFO] PluginManager:220 - loadIPPluginJar : add hash
2026-01-29 16:41:15,099 [INFO] IPUIPlugin:80 - create IPUIPlugin
2026-01-29 16:41:15,100 [INFO] PluginManager:220 - loadIPPluginJar : add i2c
2026-01-29 16:41:15,106 [INFO] IPUIPlugin:80 - create IPUIPlugin
2026-01-29 16:41:15,107 [INFO] PluginManager:220 - loadIPPluginJar : add i2s
2026-01-29 16:41:15,115 [INFO] IPUIPlugin:80 - create IPUIPlugin
2026-01-29 16:41:15,116 [INFO] PluginManager:220 - loadIPPluginJar : add i3c
2026-01-29 16:41:15,123 [INFO] IPUIPlugin:80 - create IPUIPlugin
2026-01-29 16:41:15,124 [INFO] PluginManager:220 - loadIPPluginJar : add ipddr
2026-01-29 16:41:15,138 [INFO] IPUIPlugin:80 - create IPUIPlugin
2026-01-29 16:41:15,138 [INFO] PluginManager:220 - loadIPPluginJar : add linkedlist
2026-01-29 16:41:15,147 [INFO] IPUIPlugin:80 - create IPUIPlugin
2026-01-29 16:41:15,148 [INFO] PluginManager:220 - loadIPPluginJar : add lorawan
2026-01-29 16:41:15,154 [INFO] IPUIPlugin:80 - create IPUIPlugin
2026-01-29 16:41:15,155 [INFO] PluginManager:220 - loadIPPluginJar : add ltdc
2026-01-29 16:41:15,172 [INFO] IPUIPlugin:80 - create IPUIPlugin
2026-01-29 16:41:15,173 [INFO] PluginManager:220 - loadIPPluginJar : add mdma
2026-01-29 16:41:15,186 [INFO] IPUIPlugin:80 - create IPUIPlugin
2026-01-29 16:41:15,187 [INFO] PluginManager:220 - loadIPPluginJar : add nvic
2026-01-29 16:41:15,194 [INFO] IPUIPlugin:80 - create IPUIPlugin
2026-01-29 16:41:15,194 [INFO] PluginManager:220 - loadIPPluginJar : add opamp
2026-01-29 16:41:15,202 [INFO] IPUIPlugin:80 - create IPUIPlugin
2026-01-29 16:41:15,202 [INFO] PluginManager:220 - loadIPPluginJar : add openamp
2026-01-29 16:41:15,209 [INFO] IPUIPlugin:80 - create IPUIPlugin
2026-01-29 16:41:15,209 [INFO] PluginManager:220 - loadIPPluginJar : add pdm2pcm
2026-01-29 16:41:15,222 [INFO] IPUIPlugin:80 - create IPUIPlugin
2026-01-29 16:41:15,227 [INFO] PluginManager:220 - loadIPPluginJar : add plateformsettings
2026-01-29 16:41:15,231 [INFO] IPUIPlugin:80 - create IPUIPlugin
2026-01-29 16:41:15,231 [INFO] PluginManager:220 - loadIPPluginJar : add quadspi
2026-01-29 16:41:15,236 [INFO] IPUIPlugin:80 - create IPUIPlugin
2026-01-29 16:41:15,237 [INFO] PluginManager:220 - loadIPPluginJar : add radio
2026-01-29 16:41:15,245 [INFO] IPUIPlugin:80 - create IPUIPlugin
2026-01-29 16:41:15,245 [INFO] PluginManager:220 - loadIPPluginJar : add resmgrutility
2026-01-29 16:41:15,252 [INFO] IPUIPlugin:80 - create IPUIPlugin
2026-01-29 16:41:15,252 [INFO] PluginManager:220 - loadIPPluginJar : add sai
2026-01-29 16:41:15,257 [INFO] IPUIPlugin:80 - create IPUIPlugin
2026-01-29 16:41:15,257 [INFO] PluginManager:220 - loadIPPluginJar : add spi
2026-01-29 16:41:15,267 [INFO] IPUIPlugin:80 - create IPUIPlugin
2026-01-29 16:41:15,267 [INFO] PluginManager:220 - loadIPPluginJar : add stm32_wpan
2026-01-29 16:41:15,270 [INFO] IPUIPlugin:80 - create IPUIPlugin
2026-01-29 16:41:15,271 [INFO] PluginManager:220 - loadIPPluginJar : add tim
2026-01-29 16:41:15,277 [INFO] IPUIPlugin:80 - create IPUIPlugin
2026-01-29 16:41:15,278 [INFO] PluginManager:220 - loadIPPluginJar : add touchsensing
2026-01-29 16:41:15,282 [INFO] IPUIPlugin:80 - create IPUIPlugin
2026-01-29 16:41:15,282 [INFO] PluginManager:220 - loadIPPluginJar : add tracer_emb
2026-01-29 16:41:15,286 [INFO] IPUIPlugin:80 - create IPUIPlugin
2026-01-29 16:41:15,286 [INFO] PluginManager:220 - loadIPPluginJar : add ts
2026-01-29 16:41:15,289 [INFO] IPUIPlugin:80 - create IPUIPlugin
2026-01-29 16:41:15,289 [INFO] PluginManager:220 - loadIPPluginJar : add tsc
2026-01-29 16:41:15,292 [INFO] IPUIPlugin:80 - create IPUIPlugin
2026-01-29 16:41:15,293 [INFO] PluginManager:220 - loadIPPluginJar : add ucpd
2026-01-29 16:41:15,298 [INFO] IPUIPlugin:80 - create IPUIPlugin
2026-01-29 16:41:15,298 [INFO] PluginManager:220 - loadIPPluginJar : add usart
2026-01-29 16:41:15,304 [INFO] IPUIPlugin:80 - create IPUIPlugin
2026-01-29 16:41:15,304 [INFO] PluginManager:220 - loadIPPluginJar : add usbx
2026-01-29 16:41:15,491 [FATAL] Updater:351 - Updater called before beeing initialized
2026-01-29 16:41:15,600 [INFO] RulesReader:64 - Compatibility file has been processed (302 Rules)
2026-01-29 16:41:15,628 [INFO] RulesReader:64 - Compatibility file has been processed (302 Rules)
2026-01-29 16:41:15,642 [INFO] CADModel:165 - CPN selected for project level
2026-01-29 16:41:15,642 [INFO] CADModel:114 - Register for checkConnection events
2026-01-29 16:41:15,642 [FATAL] Updater:351 - Updater called before beeing initialized
2026-01-29 16:41:15,642 [ERROR] CADModel:125 - Updater not yet initialized, retry later 
2026-01-29 16:41:15,889 [FATAL] Updater:351 - Updater called before beeing initialized
2026-01-29 16:41:15,892 [INFO] CADModel:165 - CPN selected for project level
2026-01-29 16:41:15,893 [INFO] CADModel:114 - Register for checkConnection events
2026-01-29 16:41:15,893 [FATAL] Updater:351 - Updater called before beeing initialized
2026-01-29 16:41:15,893 [ERROR] CADModel:125 - Updater not yet initialized, retry later 
2026-01-29 16:41:15,899 [FATAL] Updater:351 - Updater called before beeing initialized
2026-01-29 16:41:16,115 [FATAL] Updater:351 - Updater called before beeing initialized
2026-01-29 16:41:16,122 [INFO] DbMcusAds:53 - JSON generation date=Thu Oct 02 06:36:05 BRT 2025 (1759397765645)
2026-01-29 16:41:16,122 [FATAL] Updater:351 - Updater called before beeing initialized
2026-01-29 16:41:16,190 [WARN] DetailPanel:346 - Failed to get advertising image, set to default
2026-01-29 16:41:16,832 [FATAL] Updater:351 - Updater called before beeing initialized
2026-01-29 16:41:16,835 [FATAL] Updater:351 - Updater called before beeing initialized
2026-01-29 16:41:16,835 [FATAL] Updater:351 - Updater called before beeing initialized
2026-01-29 16:41:16,835 [WARN] DetailPanel:346 - Failed to get advertising image, set to default
2026-01-29 16:41:16,836 [FATAL] Updater:351 - Updater called before beeing initialized
2026-01-29 16:41:16,915 [ERROR] Updater:1198 - MainUpdater not yet initialized. External WinMGr cannot be set.
2026-01-29 16:41:16,918 [INFO] Updater:1134 - Updater Version found : 6.14.1
2026-01-29 16:41:16,948 [INFO] ApplicationProperties:184 - Using Application install path: C:\ST\STM32CubeIDE_1.18.1\STM32CubeIDE\plugins\com.st.stm32cube.common.mx_6.14.1.202504091515
2026-01-29 16:41:16,954 [INFO] ThirdPartyUpdaterWithRetryManager:70 - Updater plugin not ready yet. [2/15]
2026-01-29 16:41:18,549 [ERROR] LogOutputStream:75 - [STDERR_REDIRECT] Jan 29, 2026 4:41:18 PM java.util.prefs.WindowsPreferences <init>
2026-01-29 16:41:18,558 [ERROR] LogOutputStream:75 - [STDERR_REDIRECT] WARNING: Could not open/create prefs root node Software\JavaSoft\Prefs at root 0xffffffff80000002. Windows RegCreateKeyEx(...) returned error code 5.
2026-01-29 16:41:18,559 [ERROR] LogOutputStream:75 - [STDERR_REDIRECT] 
2026-01-29 16:41:19,014 [INFO] MainUpdater:2872 - connection check result : 22
2026-01-29 16:41:19,015 [INFO] MainUpdater:289 - Updater Check For Update Now.
2026-01-29 16:41:19,016 [INFO] MicroXplorer:498 - Change Database Version : DB.6.0.141
2026-01-29 16:41:19,026 [INFO] McuFinderGlobals:63 - Set McuFinder mode to 2 (CubeIDE integrated)
2026-01-29 16:41:19,027 [INFO] UserAuth:171 - activating auth plugin
2026-01-29 16:41:19,035 [INFO] UserAuth:484 - Internet connection configuration mode: 2
2026-01-29 16:41:19,159 [INFO] UserAuth:484 - Internet connection configuration mode: 2
2026-01-29 16:41:19,328 [INFO] CheckServerUpdateThread:120 - End of CheckServer Thread
2026-01-29 16:41:20,175 [ERROR] ConfigurationRetriever:142 - IOException on connection: sw-center.st.com
2026-01-29 16:41:20,177 [ERROR] ConfigurationRetriever:142 - IOException on connection: sw-center.st.com
2026-01-29 16:41:20,180 [ERROR] ConfigurationRetriever:142 - IOException on connection: sw-center.st.com
2026-01-29 16:41:20,681 [WARN] PackLoader:240 - Cannot read IP mode file for STMicroelectronics.FP-SNS-MOTENVWB1.1.4.0
2026-01-29 16:41:20,705 [WARN] PackLoader:240 - Cannot read IP mode file for STMicroelectronics.X-CUBE-SMBUS.2.1.0
2026-01-29 16:41:20,719 [WARN] PackLoader:240 - Cannot read IP mode file for STMicroelectronics.X-CUBE-ST60.1.0.0
2026-01-29 16:41:20,824 [WARN] PackLoader:240 - Cannot read IP mode file for STMicroelectronics.X-CUBE-AZRTOS-F7.1.1.0
2026-01-29 16:41:20,849 [ERROR] Engine:466 - C:\Users\Cardinal\.stm32cubemx\thirdparties\pdsc\STMicroelectronics.FP-SNS-MOTENV1.5.1.0.pdsc: PDSC version is not supported
2026-01-29 16:41:21,199 [WARN] PackLoader:240 - Cannot read IP mode file for Infineon.AIROC-Wi-Fi-Bluetooth-STM32.1.7.1
2026-01-29 16:41:21,335 [WARN] PackLoader:240 - Cannot read IP mode file for STMicroelectronics.X-CUBE-AZRTOS-H7.3.4.0
2026-01-29 16:41:21,403 [WARN] PackLoader:240 - Cannot read IP mode file for STMicroelectronics.X-CUBE-DISPLAY.3.0.0
2026-01-29 16:41:21,444 [WARN] PackLoader:240 - Cannot read IP mode file for STMicroelectronics.X-CUBE-NFC10.1.0.0
2026-01-29 16:41:21,481 [WARN] PackLoader:240 - Cannot read IP mode file for STMicroelectronics.X-CUBE-BLEMGR.4.0.0
2026-01-29 16:41:21,500 [WARN] PackLoader:240 - Cannot read IP mode file for STMicroelectronics.X-CUBE-ST60.1.1.0
2026-01-29 16:41:21,515 [WARN] PackLoader:240 - Cannot read IP mode file for emotas.I-CUBE-CANOPEN.1.3.0
2026-01-29 16:41:21,562 [WARN] PackLoader:240 - Cannot read IP mode file for STMicroelectronics.X-CUBE-GNSS1.7.1.0
2026-01-29 16:41:21,573 [WARN] ConditionMgr:438 - getConditionDescription Invalid condition id : Cortex-A Device cause : null
2026-01-29 16:41:21,592 [WARN] ConditionMgr:1044 - genDependencies : Invalid condition id : Cortex-A Device cause : null
2026-01-29 16:41:21,593 [WARN] ConditionMgr:1044 - genDependencies : Invalid condition id : Cortex-A Device cause : null
2026-01-29 16:41:21,593 [WARN] ConditionMgr:1044 - genDependencies : Invalid condition id : Cortex-A Device cause : null
2026-01-29 16:41:21,600 [ERROR] Engine:466 - C:\Users\Cardinal\.stm32cubemx\thirdparties\pdsc\STMicroelectronics.FP-SNS-STBOX1.2.1.0.pdsc: PDSC version is not supported
2026-01-29 16:41:21,609 [WARN] PackLoader:240 - Cannot read IP mode file for STMicroelectronics.FP-SNS-SMARTAG2.1.2.0
2026-01-29 16:41:21,633 [INFO] LogOutputStream:77 - [STDOUT_REDIRECT] 1 : Invalid condition id : UX_CORESTACK_Condition cause : null
2026-01-29 16:41:21,634 [INFO] LogOutputStream:77 - [STDOUT_REDIRECT] 1 : Invalid condition id : UX_CORESTACK_Condition cause : null
2026-01-29 16:41:21,637 [INFO] LogOutputStream:77 - [STDOUT_REDIRECT] 1 : Invalid condition id : UX_CORESTACK_Condition cause : null
2026-01-29 16:41:21,639 [INFO] LogOutputStream:77 - [STDOUT_REDIRECT] 1 : Invalid condition id : UX_CORESTACK_Condition cause : null
2026-01-29 16:41:21,642 [INFO] LogOutputStream:77 - [STDOUT_REDIRECT] 1 : Invalid condition id : UX_CORESTACK_Condition cause : null
2026-01-29 16:41:21,648 [WARN] PackLoader:240 - Cannot read IP mode file for STMicroelectronics.X-CUBE-AZRTOS-WL.2.0.0
2026-01-29 16:41:21,663 [WARN] PackLoader:240 - Cannot read IP mode file for STMicroelectronics.FP-SNS-MOTENV1.5.0.0
2026-01-29 16:41:21,991 [WARN] PackLoader:240 - Cannot read IP mode file for STMicroelectronics.X-CUBE-AZRTOS-H7RS.1.2.0
2026-01-29 16:41:22,022 [WARN] PackLoader:240 - Cannot read IP mode file for WES.I-CUBE-Cesium.1.3.0
2026-01-29 16:41:22,058 [WARN] PackLoader:240 - Cannot read IP mode file for STMicroelectronics.X-CUBE-BLE2.3.3.0
2026-01-29 16:41:22,227 [WARN] PackLoader:240 - Cannot read IP mode file for STMicroelectronics.X-CUBE-NFC9.1.0.0
2026-01-29 16:41:22,290 [ERROR] Engine:466 - C:\Users\Cardinal\.stm32cubemx\thirdparties\pdsc\STMicroelectronics.X-CUBE-FREERTOS.1.4.0.pdsc: PDSC version is not supported
2026-01-29 16:41:22,305 [WARN] PackLoader:240 - Cannot read IP mode file for STMicroelectronics.X-CUBE-EEPRMA1.5.2.0
2026-01-29 16:41:22,317 [ERROR] Engine:466 - C:\Users\Cardinal\.stm32cubemx\thirdparties\pdsc\STMicroelectronics.X-CUBE-ST67W61.1.1.0.pdsc: PDSC version is not supported
2026-01-29 16:41:22,418 [WARN] PackLoader:240 - Cannot read IP mode file for STMicroelectronics.X-CUBE-AI.10.1.0
2026-01-29 16:41:22,784 [WARN] PackLoader:240 - Cannot read IP mode file for STMicroelectronics.X-CUBE-MEMS1.12.0.0
2026-01-29 16:41:23,241 [ERROR] LogOutputStream:75 - [STDERR_REDIRECT] 
